2017-01-20 03:57:28,224 : INFO : Current parameters:
2017-01-20 03:57:28,225 : INFO : {
    "convergence": {
        "max_generations": 10
    },
    "crossovers": {
        "rotate": {
            "kwargs": {},
            "probability": 0.7
        }
    },
    "fingerprinters": {
        "diversify_module": {
            "kwargs": {
                "min_diff": 0.001,
                "module": "LAMMPS"
            },
            "probability": 1.0
        },
        "keep_best": true
    },
    "fitnesses": {
        "LAMMPS": {
            "kwargs": {
                "MPMD": 0,
                "keep_files": false,
                "min_modify": "line quadratic",
                "min_style": "cg",
                "minimize": "1e-8 1e-8 5000 10000",
                "pair_style": "eam",
                "potential_file": "/home/zxu/research/StructOpt_modular/potentials/Au_u3.eam",
                "thermo_steps": 0,
                "use_mpi4py": true
            },
            "weight": 1.0
        }
    },
    "generators": {
        "sphere": {
            "kwargs": {
                "atomlist": [
                    [
                        "Au",
                        55
                    ]
                ],
                "cell": [
                    20,
                    20,
                    20
                ]
            },
            "number_of_individuals": 20
        }
    },
    "logging": {
        "path": "/home/zxu/research/StructOpt_modular-dev/examples/job_manager_examples/Au55-seed-0/logs20170120035728"
    },
    "mpi": {
        "ncores": 12,
        "rank": 0
    },
    "mutations": {
        "move_atoms": {
            "kwargs": {},
            "probability": 0.1
        },
        "rotate_cluster": {
            "kwargs": {},
            "probability": 0.1
        }
    },
    "post_processing": {
        "XYZs": -1
    },
    "predators": {
        "best": {
            "kwargs": {},
            "probability": 1.0
        }
    },
    "pso_moves": null,
    "relaxations": {
        "LAMMPS": {
            "kwargs": {
                "MPMD": 0,
                "keep_files": false,
                "min_modify": "line quadratic",
                "min_style": "cg",
                "minimize": "1e-8 1e-8 5000 10000",
                "pair_style": "eam",
                "potential_file": "/home/zxu/research/StructOpt_modular/potentials/Au_u3.eam",
                "thermo_steps": 0,
                "use_mpi4py": true
            },
            "order": 0
        }
    },
    "seed": 0,
    "selections": {
        "rank": {
            "kwargs": {
                "unique_pairs": false,
                "unique_parents": false
            },
            "probability": 1.0
        }
    },
    "structure_type": "cluster"
}
2017-01-20 03:57:31,133 : INFO : Total fitnesses for the population: 
[-3.41561055 -3.43049036 -3.40692364 -3.42433873 -3.41807255 -3.42435564
 -3.41692073 -3.42898055 -3.42546709 -3.40535545 -3.41985891 -3.43210327
 -3.40215055 -3.42650455 -3.42051745 -3.41517745 -3.42791745 -3.40643273
 -3.43420091 -3.41700418] (rank 0)
2017-01-20 03:57:31,924 : INFO : Total fitnesses for the population: 
[-3.41561055 -3.43049036 -3.40692364 -3.42433873 -3.41807255 -3.42435564
 -3.41692073 -3.42898055 -3.42546709 -3.40535545 -3.41985891 -3.43210327
 -3.40215055 -3.42650455 -3.42051745 -3.41517745 -3.42791745 -3.40643273
 -3.43420091 -3.41700418 -3.42970564 -3.42472927 -3.42098127 -3.41646982
 -3.43148509 -3.41010473 -3.42060982 -3.42709091 -3.42241127 -3.42184382
 -3.43630145 -3.41334018] (rank 0)
2017-01-20 03:57:32,823 : INFO : Total fitnesses for the population: 
[-3.43049036 -3.42433873 -3.42435564 -3.42898055 -3.42546709 -3.41985891
 -3.43210327 -3.42650455 -3.42051745 -3.42791745 -3.43420091 -3.42970564
 -3.42472927 -3.42098127 -3.43148509 -3.42060982 -3.42709091 -3.42241127
 -3.42184382 -3.43630145 -3.41823782 -3.42842327 -3.434096   -3.42472709
 -3.42114582 -3.42227364 -3.43486418 -3.42394855 -3.42983473 -3.42271909
 -3.43178073 -3.43188891 -3.421072   -3.42714509 -3.42040455 -3.43463509] (rank 0)
2017-01-20 03:57:34,964 : INFO : Total fitnesses for the population: 
[-3.43049036 -3.42898055 -3.42546709 -3.43210327 -3.42650455 -3.42791745
 -3.43420091 -3.42970564 -3.42472927 -3.43148509 -3.42709091 -3.43630145
 -3.42842327 -3.434096   -3.43486418 -3.42983473 -3.43178073 -3.43188891
 -3.43204455 -3.43463509 -3.41982164 -3.43679036 -3.43348236 -3.42712473
 -3.42187909 -3.42338927 -3.42864745 -3.43065527 -3.42463618 -3.43517291
 -3.41264073 -3.42255018 -3.43195782 -3.41817709] (rank 0)
2017-01-20 03:57:35,770 : INFO : Total fitnesses for the population: 
[-3.43049036 -3.42898055 -3.43210327 -3.43420091 -3.42970564 -3.43148509
 -3.43630145 -3.434096   -3.43486418 -3.42983473 -3.43178073 -3.43188891
 -3.43204455 -3.43463509 -3.43679036 -3.43348236 -3.42864745 -3.43065527
 -3.43517291 -3.43195782 -3.41014964 -3.41247873 -3.43308745 -3.42749491
 -3.43742345 -3.43001927] (rank 0)
2017-01-20 03:57:36,740 : INFO : Total fitnesses for the population: 
[-3.43049036 -3.43210327 -3.43420091 -3.43148509 -3.43630145 -3.434096
 -3.43486418 -3.42983473 -3.43178073 -3.43188891 -3.43204455 -3.43463509
 -3.43679036 -3.43348236 -3.43065527 -3.43517291 -3.43195782 -3.43308745
 -3.43742345 -3.43001927 -3.42330673 -3.41911236 -3.41920691 -3.41519182
 -3.40031964 -3.41891218 -3.43105582 -3.43150582 -3.41580909 -3.41242455
 -3.43106127 -3.42339145 -3.41249345 -3.42421073 -3.403608   -3.43188745
 -3.40188618 -3.419092  ] (rank 0)
2017-01-20 03:57:37,642 : INFO : Total fitnesses for the population: 
[-3.43210327 -3.43420091 -3.43148509 -3.43630145 -3.434096   -3.43486418
 -3.43178073 -3.43188891 -3.43204455 -3.43463509 -3.43679036 -3.43348236
 -3.43517291 -3.43195782 -3.43308745 -3.43742345 -3.43105582 -3.43150582
 -3.43106127 -3.43188745 -3.43556709 -3.41527218 -3.43432273 -3.42538236
 -3.42714473 -3.43524473 -3.43836218 -3.43179782 -3.42022636 -3.40532727
 -3.42864473 -3.43105491 -3.42732218 -3.43521036] (rank 0)
2017-01-20 03:57:38,711 : INFO : Total fitnesses for the population: 
[-3.43210327 -3.43420091 -3.43630145 -3.434096   -3.43486418 -3.43188891
 -3.43204455 -3.43463509 -3.43679036 -3.43348236 -3.43517291 -3.43195782
 -3.43308745 -3.42755345 -3.43188745 -3.43556709 -3.43432273 -3.43524473
 -3.43836218 -3.43521036 -3.39969673 -3.42670218 -3.42014582 -3.42618818
 -3.41883745 -3.421656   -3.41753836 -3.42751436 -3.427064   -3.43206255
 -3.44448109 -3.43897109 -3.41572855 -3.42996036] (rank 0)
2017-01-20 03:57:39,538 : INFO : Total fitnesses for the population: 
[-3.43210327 -3.43420091 -3.43630145 -3.434096   -3.43486418 -3.43204455
 -3.43463509 -3.43679036 -3.43348236 -3.43517291 -3.43195782 -3.43308745
 -3.43556709 -3.43432273 -3.43524473 -3.43836218 -3.43521036 -3.43206255
 -3.44448109 -3.43897109 -3.42820509 -3.43251382 -3.42561727 -3.41757855
 -3.44118491 -3.41276673 -3.42339727 -3.43687091 -3.43629255 -3.42545727
 -3.429958   -3.43069945] (rank 0)
2017-01-20 03:57:40,548 : INFO : Total fitnesses for the population: 
[-3.43420091 -3.43630145 -3.434096   -3.43486418 -3.43463509 -3.43679036
 -3.43348236 -3.43517291 -3.43308745 -3.43556709 -3.43432273 -3.43524473
 -3.43836218 -3.43521036 -3.44448109 -3.43897109 -3.43251382 -3.44118491
 -3.43687091 -3.43629255 -3.42487145 -3.42014909 -3.42996327 -3.43035764
 -3.42613164 -3.43555418 -3.421872   -3.43623309 -3.42330055 -3.40009927
 -3.43496945 -3.42957909 -3.433486   -3.418032   -3.42740455 -3.41850982
 -3.41649436 -3.43920527] (rank 0)
2017-01-20 03:57:41,551 : INFO : Total fitnesses for the population: 
[-3.43420091 -3.43630145 -3.43486418 -3.43725291 -3.43679036 -3.43517291
 -3.43556709 -3.43432273 -3.43524473 -3.433746   -3.43521036 -3.44448109
 -3.43897109 -3.44118491 -3.43687091 -3.43629255 -3.43555418 -3.43623309
 -3.43496945 -3.43920527 -3.42739655 -3.41790945 -3.42252036 -3.42149255
 -3.42039655 -3.42880436 -3.43155545 -3.43178491 -3.44644745 -3.42979927
 -3.40047073 -3.41746636] (rank 0)
