2017-01-20 03:57:47,698 : INFO : Current parameters:
2017-01-20 03:57:47,699 : INFO : {
    "convergence": {
        "max_generations": 10
    },
    "crossovers": {
        "rotate": {
            "kwargs": {},
            "probability": 0.7
        }
    },
    "fingerprinters": {
        "diversify_module": {
            "kwargs": {
                "min_diff": 0.001,
                "module": "LAMMPS"
            },
            "probability": 1.0
        },
        "keep_best": true
    },
    "fitnesses": {
        "LAMMPS": {
            "kwargs": {
                "MPMD": 0,
                "keep_files": false,
                "min_modify": "line quadratic",
                "min_style": "cg",
                "minimize": "1e-8 1e-8 5000 10000",
                "pair_style": "eam",
                "potential_file": "/home/zxu/research/StructOpt_modular/potentials/Au_u3.eam",
                "thermo_steps": 0,
                "use_mpi4py": true
            },
            "weight": 1.0
        }
    },
    "generators": {
        "sphere": {
            "kwargs": {
                "atomlist": [
                    [
                        "Au",
                        55
                    ]
                ],
                "cell": [
                    20,
                    20,
                    20
                ]
            },
            "number_of_individuals": 20
        }
    },
    "logging": {
        "path": "/home/zxu/research/StructOpt_modular-dev/examples/job_manager_examples/Au55-seed-1/logs20170120035747"
    },
    "mpi": {
        "ncores": 12,
        "rank": 0
    },
    "mutations": {
        "move_atoms": {
            "kwargs": {},
            "probability": 0.1
        },
        "rotate_cluster": {
            "kwargs": {},
            "probability": 0.1
        }
    },
    "post_processing": {
        "XYZs": -1
    },
    "predators": {
        "best": {
            "kwargs": {},
            "probability": 1.0
        }
    },
    "pso_moves": null,
    "relaxations": {
        "LAMMPS": {
            "kwargs": {
                "MPMD": 0,
                "keep_files": false,
                "min_modify": "line quadratic",
                "min_style": "cg",
                "minimize": "1e-8 1e-8 5000 10000",
                "pair_style": "eam",
                "potential_file": "/home/zxu/research/StructOpt_modular/potentials/Au_u3.eam",
                "thermo_steps": 0,
                "use_mpi4py": true
            },
            "order": 0
        }
    },
    "seed": 1,
    "selections": {
        "rank": {
            "kwargs": {
                "unique_pairs": false,
                "unique_parents": false
            },
            "probability": 1.0
        }
    },
    "structure_type": "cluster"
}
2017-01-20 03:57:51,417 : INFO : Total fitnesses for the population: 
[-3.41811182 -3.396328   -3.43626509 -3.42199636 -3.42742818 -3.43218255
 -3.43160436 -3.434754   -3.40158327 -3.41759582 -3.42310255 -3.42758055
 -3.41503382 -3.419224   -3.41553945 -3.42583073 -3.42997145 -3.41754818
 -3.41064545 -3.43177909] (rank 0)
2017-01-20 03:57:52,092 : INFO : Total fitnesses for the population: 
[-3.41811182 -3.396328   -3.43626509 -3.42199636 -3.42742818 -3.43218255
 -3.43160436 -3.434754   -3.40158327 -3.41759582 -3.42310255 -3.42758055
 -3.41503382 -3.419224   -3.41553945 -3.42583073 -3.42997145 -3.41754818
 -3.41064545 -3.43177909 -3.43507509 -3.42456    -3.41721509 -3.41071909
 -3.41527273 -3.43434382 -3.42601018 -3.42513836] (rank 0)
2017-01-20 03:57:52,935 : INFO : Total fitnesses for the population: 
[-3.41811182 -3.43626509 -3.42199636 -3.42334418 -3.43218255 -3.43160436
 -3.434754   -3.41759582 -3.42310255 -3.42758055 -3.419224   -3.42583073
 -3.42997145 -3.41754818 -3.43177909 -3.43507509 -3.42456    -3.43434382
 -3.42601018 -3.42513836 -3.42216291 -3.42541527 -3.42285745 -3.42442091
 -3.42851236 -3.42571545 -3.42965618 -3.431278   -3.39909509 -3.43042564
 -3.43414    -3.42136564 -3.41409382 -3.43025564] (rank 0)
2017-01-20 03:57:53,822 : INFO : Total fitnesses for the population: 
[-3.43626509 -3.43218255 -3.43160436 -3.434754   -3.42758055 -3.42583073
 -3.42997145 -3.43177909 -3.42185964 -3.43434382 -3.42601018 -3.42513836
 -3.42541527 -3.42851236 -3.42571545 -3.42965618 -3.431278   -3.43042564
 -3.43414    -3.43025564 -3.42574818 -3.42564091 -3.42109418 -3.415268
 -3.43019327 -3.41300164 -3.42057418 -3.40793491 -3.42854418 -3.41394109
 -3.42358891 -3.42123618 -3.43818545 -3.43237655] (rank 0)
2017-01-20 03:57:55,037 : INFO : Total fitnesses for the population: 
[-3.43626509 -3.43218255 -3.43160436 -3.434754   -3.42758055 -3.42583073
 -3.42997145 -3.43177909 -3.43434382 -3.42601018 -3.42851236 -3.42965618
 -3.431278   -3.43042564 -3.43414    -3.43025564 -3.43019327 -3.42854418
 -3.43818545 -3.43237655 -3.42544182 -3.42837145 -3.42343564 -3.43056927
 -3.41631418 -3.430714   -3.43365382 -3.43040964 -3.42026927 -3.43909145
 -3.42130018 -3.41855727 -3.41117909 -3.41519127 -3.43172127 -3.43554636
 -3.42118873 -3.41750782] (rank 0)
2017-01-20 03:57:55,976 : INFO : Total fitnesses for the population: 
[-3.43626509 -3.43218255 -3.43160436 -3.434754   -3.43177909 -3.43434382
 -3.431278   -3.43042564 -3.43414    -3.43025564 -3.43019327 -3.43818545
 -3.43237655 -3.43056927 -3.430714   -3.43365382 -3.43040964 -3.43909145
 -3.43172127 -3.43554636 -3.41484673 -3.43723691 -3.43248855 -3.43089455
 -3.41988582 -3.43041673 -3.42853945 -3.436978   -3.42443436 -3.42617764
 -3.41604473 -3.42979836 -3.41853945 -3.42904036 -3.42450236 -3.42532145] (rank 0)
2017-01-20 03:57:56,849 : INFO : Total fitnesses for the population: 
[-3.43626509 -3.43218255 -3.43160436 -3.434754   -3.43177909 -3.43434382
 -3.431278   -3.43414    -3.43818545 -3.43237655 -3.43056927 -3.430714
 -3.43365382 -3.43909145 -3.43172127 -3.43554636 -3.43723691 -3.43248855
 -3.43089455 -3.436978   -3.43417218 -3.43723709 -3.42897855 -3.41985291
 -3.43557836 -3.43954909 -3.43142818 -3.42259345 -3.42743364 -3.43237618
 -3.43184436 -3.42238418 -3.42452036 -3.42760127] (rank 0)
2017-01-20 03:57:57,738 : INFO : Total fitnesses for the population: 
[-3.43626509 -3.43218255 -3.434754   -3.43177909 -3.43434382 -3.43414
 -3.43818545 -3.43237655 -3.43365382 -3.43909145 -3.43554636 -3.43723691
 -3.43248855 -3.436978   -3.43417218 -3.43723709 -3.43557836 -3.43954909
 -3.43237618 -3.43184436 -3.44079    -3.41766055 -3.42877745 -3.43418945
 -3.41170945 -3.41821164 -3.41778    -3.43100564 -3.41382618 -3.41915164] (rank 0)
2017-01-20 03:57:58,626 : INFO : Total fitnesses for the population: 
[-3.43626509 -3.43218255 -3.434754   -3.43434382 -3.43414    -3.43818545
 -3.43237655 -3.43365382 -3.43909145 -3.43554636 -3.43723691 -3.43487655
 -3.436978   -3.43417218 -3.43723709 -3.43557836 -3.43954909 -3.43237618
 -3.44079    -3.43418945 -3.42788236 -3.43234382 -3.43580418 -3.42835764
 -3.41472873 -3.42645109 -3.42705855 -3.43600364 -3.40909527 -3.42993418
 -3.43025618 -3.43178036 -3.42359709 -3.41649382] (rank 0)
2017-01-20 03:57:59,958 : INFO : Total fitnesses for the population: 
[-3.43626509 -3.434754   -3.43434382 -3.43414    -3.43818545 -3.43237655
 -3.43365382 -3.43909145 -3.43554636 -3.43723691 -3.43487655 -3.436978
 -3.43417218 -3.43723709 -3.43557836 -3.43954909 -3.44079    -3.43418945
 -3.42494836 -3.43600364 -3.425808   -3.42846873 -3.429174   -3.41924145
 -3.40939964 -3.42422164 -3.43229836 -3.42456582 -3.42713673 -3.431332
 -3.43478727 -3.43399145 -3.431816   -3.43480273] (rank 0)
2017-01-20 03:58:00,875 : INFO : Total fitnesses for the population: 
[-3.43626509 -3.434754   -3.43434382 -3.43414    -3.43818545 -3.43909145
 -3.43554636 -3.43723691 -3.43487655 -3.436978   -3.43417218 -3.43723709
 -3.43557836 -3.43954909 -3.44079    -3.43418945 -3.43600364 -3.43478727
 -3.43399145 -3.43480273 -3.42449036 -3.42911964 -3.41575836 -3.41092364
 -3.411232   -3.43335945 -3.40737255 -3.41033127 -3.43376945 -3.42160836] (rank 0)
