2017-01-20 03:57:51,506 : INFO : 
2017-01-20 03:57:51,507 : INFO : Generation 0 (cumulative) timing information
2017-01-20 03:57:51,507 : INFO : selection : 0.00 s (0.00 s)
2017-01-20 03:57:51,507 : INFO : crossover : 0.00 s (0.00 s)
2017-01-20 03:57:51,507 : INFO : mutation  : 0.00 s (0.00 s)
2017-01-20 03:57:51,507 : INFO : relax     : 2.20 s (2.20 s)
2017-01-20 03:57:51,507 : INFO : fitness   : 0.01 s (0.01 s)
2017-01-20 03:57:51,507 : INFO : predator  : 0.02 s (0.02 s)
2017-01-20 03:57:51,507 : INFO : step      : 2.24 s (2.24 s)
2017-01-20 03:57:52,178 : INFO : 
2017-01-20 03:57:52,178 : INFO : Generation 1 (cumulative) timing information
2017-01-20 03:57:52,178 : INFO : selection : 0.01 s (0.01 s)
2017-01-20 03:57:52,179 : INFO : crossover : 0.18 s (0.18 s)
2017-01-20 03:57:52,179 : INFO : mutation  : 0.03 s (0.03 s)
2017-01-20 03:57:52,179 : INFO : relax     : 0.35 s (2.56 s)
2017-01-20 03:57:52,179 : INFO : fitness   : 0.01 s (0.02 s)
2017-01-20 03:57:52,179 : INFO : predator  : 0.02 s (0.04 s)
2017-01-20 03:57:52,179 : INFO : step      : 0.61 s (2.84 s)
2017-01-20 03:57:53,035 : INFO : 
2017-01-20 03:57:53,035 : INFO : Generation 2 (cumulative) timing information
2017-01-20 03:57:53,035 : INFO : selection : 0.02 s (0.03 s)
2017-01-20 03:57:53,036 : INFO : crossover : 0.25 s (0.44 s)
2017-01-20 03:57:53,036 : INFO : mutation  : 0.04 s (0.07 s)
2017-01-20 03:57:53,036 : INFO : relax     : 0.43 s (2.98 s)
2017-01-20 03:57:53,036 : INFO : fitness   : 0.02 s (0.04 s)
2017-01-20 03:57:53,036 : INFO : predator  : 0.02 s (0.07 s)
2017-01-20 03:57:53,036 : INFO : step      : 0.78 s (3.62 s)
2017-01-20 03:57:54,029 : INFO : 
2017-01-20 03:57:54,029 : INFO : Generation 3 (cumulative) timing information
2017-01-20 03:57:54,030 : INFO : selection : 0.02 s (0.05 s)
2017-01-20 03:57:54,030 : INFO : crossover : 0.25 s (0.69 s)
2017-01-20 03:57:54,030 : INFO : mutation  : 0.04 s (0.10 s)
2017-01-20 03:57:54,030 : INFO : relax     : 0.46 s (3.45 s)
2017-01-20 03:57:54,030 : INFO : fitness   : 0.01 s (0.05 s)
2017-01-20 03:57:54,030 : INFO : predator  : 0.02 s (0.09 s)
2017-01-20 03:57:54,030 : INFO : step      : 0.81 s (4.43 s)
2017-01-20 03:57:55,134 : INFO : 
2017-01-20 03:57:55,134 : INFO : Generation 4 (cumulative) timing information
2017-01-20 03:57:55,134 : INFO : selection : 0.02 s (0.07 s)
2017-01-20 03:57:55,134 : INFO : crossover : 0.32 s (1.01 s)
2017-01-20 03:57:55,134 : INFO : mutation  : 0.04 s (0.14 s)
2017-01-20 03:57:55,134 : INFO : relax     : 0.61 s (4.06 s)
2017-01-20 03:57:55,134 : INFO : fitness   : 0.01 s (0.06 s)
2017-01-20 03:57:55,134 : INFO : predator  : 0.02 s (0.11 s)
2017-01-20 03:57:55,134 : INFO : step      : 1.03 s (5.46 s)
2017-01-20 03:57:56,074 : INFO : 
2017-01-20 03:57:56,074 : INFO : Generation 5 (cumulative) timing information
2017-01-20 03:57:56,074 : INFO : selection : 0.02 s (0.09 s)
2017-01-20 03:57:56,075 : INFO : crossover : 0.29 s (1.30 s)
2017-01-20 03:57:56,075 : INFO : mutation  : 0.04 s (0.18 s)
2017-01-20 03:57:56,075 : INFO : relax     : 0.48 s (4.54 s)
2017-01-20 03:57:56,075 : INFO : fitness   : 0.02 s (0.08 s)
2017-01-20 03:57:56,075 : INFO : predator  : 0.02 s (0.14 s)
2017-01-20 03:57:56,075 : INFO : step      : 0.87 s (6.33 s)
2017-01-20 03:57:56,941 : INFO : 
2017-01-20 03:57:56,941 : INFO : Generation 6 (cumulative) timing information
2017-01-20 03:57:56,942 : INFO : selection : 0.02 s (0.11 s)
2017-01-20 03:57:56,942 : INFO : crossover : 0.25 s (1.55 s)
2017-01-20 03:57:56,942 : INFO : mutation  : 0.04 s (0.22 s)
2017-01-20 03:57:56,942 : INFO : relax     : 0.45 s (4.99 s)
2017-01-20 03:57:56,942 : INFO : fitness   : 0.01 s (0.09 s)
2017-01-20 03:57:56,942 : INFO : predator  : 0.02 s (0.16 s)
2017-01-20 03:57:56,942 : INFO : step      : 0.80 s (7.13 s)
2017-01-20 03:57:57,832 : INFO : 
2017-01-20 03:57:57,832 : INFO : Generation 7 (cumulative) timing information
2017-01-20 03:57:57,832 : INFO : selection : 0.02 s (0.13 s)
2017-01-20 03:57:57,832 : INFO : crossover : 0.18 s (1.73 s)
2017-01-20 03:57:57,832 : INFO : mutation  : 0.03 s (0.25 s)
2017-01-20 03:57:57,832 : INFO : relax     : 0.54 s (5.54 s)
2017-01-20 03:57:57,832 : INFO : fitness   : 0.01 s (0.11 s)
2017-01-20 03:57:57,832 : INFO : predator  : 0.02 s (0.19 s)
2017-01-20 03:57:57,833 : INFO : step      : 0.82 s (7.95 s)
2017-01-20 03:57:59,143 : INFO : 
2017-01-20 03:57:59,143 : INFO : Generation 8 (cumulative) timing information
2017-01-20 03:57:59,143 : INFO : selection : 0.02 s (0.15 s)
2017-01-20 03:57:59,143 : INFO : crossover : 0.25 s (1.99 s)
2017-01-20 03:57:59,143 : INFO : mutation  : 0.04 s (0.30 s)
2017-01-20 03:57:59,143 : INFO : relax     : 0.47 s (6.00 s)
2017-01-20 03:57:59,143 : INFO : fitness   : 0.01 s (0.12 s)
2017-01-20 03:57:59,143 : INFO : predator  : 0.03 s (0.21 s)
2017-01-20 03:57:59,143 : INFO : step      : 0.82 s (8.77 s)
2017-01-20 03:58:00,058 : INFO : 
2017-01-20 03:58:00,058 : INFO : Generation 9 (cumulative) timing information
2017-01-20 03:58:00,058 : INFO : selection : 0.02 s (0.16 s)
2017-01-20 03:58:00,058 : INFO : crossover : 0.26 s (2.24 s)
2017-01-20 03:58:00,058 : INFO : mutation  : 0.05 s (0.34 s)
2017-01-20 03:58:00,058 : INFO : relax     : 0.49 s (6.49 s)
2017-01-20 03:58:00,058 : INFO : fitness   : 0.01 s (0.13 s)
2017-01-20 03:58:00,059 : INFO : predator  : 0.02 s (0.24 s)
2017-01-20 03:58:00,059 : INFO : step      : 0.84 s (9.60 s)
2017-01-20 03:58:00,978 : INFO : 
2017-01-20 03:58:00,978 : INFO : Generation 10 (cumulative) timing information
2017-01-20 03:58:00,978 : INFO : selection : 0.02 s (0.18 s)
2017-01-20 03:58:00,978 : INFO : crossover : 0.19 s (2.43 s)
2017-01-20 03:58:00,979 : INFO : mutation  : 0.04 s (0.38 s)
2017-01-20 03:58:00,979 : INFO : relax     : 0.56 s (7.04 s)
2017-01-20 03:58:00,979 : INFO : fitness   : 0.02 s (0.15 s)
2017-01-20 03:58:00,979 : INFO : predator  : 0.03 s (0.26 s)
2017-01-20 03:58:00,979 : INFO : step      : 0.84 s (10.45 s)
