2017-01-20 03:58:26,012 : INFO : Found 20 individuals to relax on core 0: [<Individual 0>, <Individual 1>, <Individual 2>, <Individual 3>, <Individual 4>, <Individual 5>, <Individual 6>, <Individual 7>, <Individual 8>, <Individual 9>, <Individual 10>, <Individual 11>, <Individual 12>, <Individual 13>, <Individual 14>, <Individual 15>, <Individual 16>, <Individual 17>, <Individual 18>, <Individual 19>]
2017-01-20 03:58:28,194 : INFO : Performing mutation <function move_atoms at 0x2aaabd7207b8> on individual 6
2017-01-20 03:58:28,196 : INFO : Performing mutation None on individual 10
2017-01-20 03:58:28,197 : INFO : Performing mutation None on individual 17
2017-01-20 03:58:28,197 : INFO : Performing mutation None on individual 23
2017-01-20 03:58:28,251 : INFO : Found 9 individuals to relax on core 0: [<Individual 6>, <Individual 20>, <Individual 21>, <Individual 22>, <Individual 23>, <Individual 24>, <Individual 25>, <Individual 26>, <Individual 27>]
2017-01-20 03:58:28,995 : INFO : Performing mutation None on individual 1
2017-01-20 03:58:28,995 : INFO : Performing mutation <function move_atoms at 0x2aaabd7207b8> on individual 6
2017-01-20 03:58:28,997 : INFO : Performing mutation None on individual 8
2017-01-20 03:58:28,998 : INFO : Performing mutation None on individual 26
2017-01-20 03:58:28,998 : INFO : Performing mutation None on individual 41
2017-01-20 03:58:29,032 : INFO : Found 17 individuals to relax on core 0: [<Individual 6>, <Individual 28>, <Individual 29>, <Individual 30>, <Individual 31>, <Individual 32>, <Individual 33>, <Individual 34>, <Individual 35>, <Individual 36>, <Individual 37>, <Individual 38>, <Individual 39>, <Individual 40>, <Individual 41>, <Individual 42>, <Individual 43>]
2017-01-20 03:58:30,424 : INFO : Performing mutation None on individual 18
2017-01-20 03:58:30,424 : INFO : Performing mutation None on individual 28
2017-01-20 03:58:30,425 : INFO : Performing mutation <function rotate_cluster at 0x2aaabd72fc80> on individual 32
2017-01-20 03:58:30,428 : INFO : Performing mutation None on individual 37
2017-01-20 03:58:30,428 : INFO : Performing mutation None on individual 49
2017-01-20 03:58:30,429 : INFO : Performing mutation None on individual 56
2017-01-20 03:58:30,464 : INFO : Found 17 individuals to relax on core 0: [<Individual 32>, <Individual 44>, <Individual 45>, <Individual 46>, <Individual 47>, <Individual 48>, <Individual 49>, <Individual 50>, <Individual 51>, <Individual 52>, <Individual 53>, <Individual 54>, <Individual 55>, <Individual 56>, <Individual 57>, <Individual 58>, <Individual 59>]
2017-01-20 03:58:31,275 : INFO : Performing mutation None on individual 6
2017-01-20 03:58:31,275 : INFO : Performing mutation <function rotate_cluster at 0x2aaabd72fc80> on individual 18
2017-01-20 03:58:31,279 : INFO : Performing mutation None on individual 38
2017-01-20 03:58:31,279 : INFO : Performing mutation <function move_atoms at 0x2aaabd7207b8> on individual 50
2017-01-20 03:58:31,281 : INFO : Performing mutation None on individual 66
2017-01-20 03:58:31,320 : INFO : Found 14 individuals to relax on core 0: [<Individual 18>, <Individual 50>, <Individual 60>, <Individual 61>, <Individual 62>, <Individual 63>, <Individual 64>, <Individual 65>, <Individual 66>, <Individual 67>, <Individual 68>, <Individual 69>, <Individual 70>, <Individual 71>]
2017-01-20 03:58:32,334 : INFO : Performing mutation None on individual 32
2017-01-20 03:58:32,334 : INFO : Performing mutation <function rotate_cluster at 0x2aaabd72fc80> on individual 38
2017-01-20 03:58:32,338 : INFO : Performing mutation None on individual 47
2017-01-20 03:58:32,338 : INFO : Performing mutation <function move_atoms at 0x2aaabd7207b8> on individual 78
2017-01-20 03:58:32,340 : INFO : Performing mutation None on individual 86
2017-01-20 03:58:32,382 : INFO : Found 17 individuals to relax on core 0: [<Individual 38>, <Individual 72>, <Individual 73>, <Individual 74>, <Individual 75>, <Individual 76>, <Individual 77>, <Individual 78>, <Individual 79>, <Individual 80>, <Individual 81>, <Individual 82>, <Individual 83>, <Individual 84>, <Individual 85>, <Individual 86>, <Individual 87>]
2017-01-20 03:58:33,311 : INFO : Performing mutation None on individual 23
2017-01-20 03:58:33,311 : INFO : Performing mutation None on individual 28
2017-01-20 03:58:33,311 : INFO : Performing mutation None on individual 31
2017-01-20 03:58:33,311 : INFO : Performing mutation <function rotate_cluster at 0x2aaabd72fc80> on individual 32
2017-01-20 03:58:33,315 : INFO : Performing mutation <function move_atoms at 0x2aaabd7207b8> on individual 44
2017-01-20 03:58:33,317 : INFO : Performing mutation None on individual 46
2017-01-20 03:58:33,317 : INFO : Performing mutation None on individual 80
2017-01-20 03:58:33,318 : INFO : Performing mutation <function rotate_cluster at 0x2aaabd72fc80> on individual 82
2017-01-20 03:58:33,321 : INFO : Performing mutation None on individual 90
2017-01-20 03:58:33,321 : INFO : Performing mutation None on individual 92
2017-01-20 03:58:33,321 : INFO : Performing mutation None on individual 98
2017-01-20 03:58:33,321 : INFO : Performing mutation None on individual 105
2017-01-20 03:58:33,358 : INFO : Found 21 individuals to relax on core 0: [<Individual 32>, <Individual 44>, <Individual 82>, <Individual 88>, <Individual 89>, <Individual 90>, <Individual 91>, <Individual 92>, <Individual 93>, <Individual 94>, <Individual 95>, <Individual 96>, <Individual 97>, <Individual 98>, <Individual 99>, <Individual 100>, <Individual 101>, <Individual 102>, <Individual 103>, <Individual 104>, <Individual 105>]
2017-01-20 03:58:34,345 : INFO : Performing mutation <function move_atoms at 0x2aaabd7207b8> on individual 46
2017-01-20 03:58:34,348 : INFO : Performing mutation None on individual 61
2017-01-20 03:58:34,348 : INFO : Performing mutation None on individual 66
2017-01-20 03:58:34,348 : INFO : Performing mutation None on individual 96
2017-01-20 03:58:34,348 : INFO : Performing mutation <function rotate_cluster at 0x2aaabd72fc80> on individual 106
2017-01-20 03:58:34,351 : INFO : Performing mutation None on individual 109
2017-01-20 03:58:34,352 : INFO : Performing mutation None on individual 110
2017-01-20 03:58:34,352 : INFO : Performing mutation None on individual 121
2017-01-20 03:58:34,388 : INFO : Found 17 individuals to relax on core 0: [<Individual 46>, <Individual 106>, <Individual 107>, <Individual 108>, <Individual 109>, <Individual 110>, <Individual 111>, <Individual 112>, <Individual 113>, <Individual 114>, <Individual 115>, <Individual 116>, <Individual 117>, <Individual 118>, <Individual 119>, <Individual 120>, <Individual 121>]
2017-01-20 03:58:35,394 : INFO : Performing mutation None on individual 66
2017-01-20 03:58:35,394 : INFO : Performing mutation None on individual 80
2017-01-20 03:58:35,394 : INFO : Performing mutation None on individual 96
2017-01-20 03:58:35,394 : INFO : Performing mutation <function move_atoms at 0x2aaabd7207b8> on individual 122
2017-01-20 03:58:35,397 : INFO : Performing mutation None on individual 132
2017-01-20 03:58:35,397 : INFO : Performing mutation None on individual 134
2017-01-20 03:58:35,435 : INFO : Found 14 individuals to relax on core 0: [<Individual 122>, <Individual 123>, <Individual 124>, <Individual 125>, <Individual 126>, <Individual 127>, <Individual 128>, <Individual 129>, <Individual 130>, <Individual 131>, <Individual 132>, <Individual 133>, <Individual 134>, <Individual 135>]
2017-01-20 03:58:36,272 : INFO : Performing mutation None on individual 139
2017-01-20 03:58:36,305 : INFO : Found 10 individuals to relax on core 0: [<Individual 136>, <Individual 137>, <Individual 138>, <Individual 139>, <Individual 140>, <Individual 141>, <Individual 142>, <Individual 143>, <Individual 144>, <Individual 145>]
2017-01-20 03:58:37,081 : INFO : Performing mutation None on individual 28
2017-01-20 03:58:37,082 : INFO : Performing mutation None on individual 51
2017-01-20 03:58:37,082 : INFO : Performing mutation <function rotate_cluster at 0x2aaabd72fc80> on individual 90
2017-01-20 03:58:37,085 : INFO : Performing mutation None on individual 136
2017-01-20 03:58:37,086 : INFO : Performing mutation None on individual 140
2017-01-20 03:58:37,086 : INFO : Performing mutation None on individual 153
2017-01-20 03:58:37,086 : INFO : Performing mutation None on individual 157
2017-01-20 03:58:37,086 : INFO : Performing mutation None on individual 158
2017-01-20 03:58:37,122 : INFO : Found 15 individuals to relax on core 0: [<Individual 90>, <Individual 146>, <Individual 147>, <Individual 148>, <Individual 149>, <Individual 150>, <Individual 151>, <Individual 152>, <Individual 153>, <Individual 154>, <Individual 155>, <Individual 156>, <Individual 157>, <Individual 158>, <Individual 159>]
