2017-01-20 03:58:24,451 : INFO : Current parameters:
2017-01-20 03:58:24,453 : INFO : {
    "convergence": {
        "max_generations": 10
    },
    "crossovers": {
        "rotate": {
            "kwargs": {},
            "probability": 0.7
        }
    },
    "fingerprinters": {
        "diversify_module": {
            "kwargs": {
                "min_diff": 0.001,
                "module": "LAMMPS"
            },
            "probability": 1.0
        },
        "keep_best": true
    },
    "fitnesses": {
        "LAMMPS": {
            "kwargs": {
                "MPMD": 0,
                "keep_files": false,
                "min_modify": "line quadratic",
                "min_style": "cg",
                "minimize": "1e-8 1e-8 5000 10000",
                "pair_style": "eam",
                "potential_file": "/home/zxu/research/StructOpt_modular/potentials/Au_u3.eam",
                "thermo_steps": 0,
                "use_mpi4py": true
            },
            "weight": 1.0
        }
    },
    "generators": {
        "sphere": {
            "kwargs": {
                "atomlist": [
                    [
                        "Au",
                        55
                    ]
                ],
                "cell": [
                    20,
                    20,
                    20
                ]
            },
            "number_of_individuals": 20
        }
    },
    "logging": {
        "path": "/home/zxu/research/StructOpt_modular-dev/examples/job_manager_examples/Au55-seed-3/logs20170120035824"
    },
    "mpi": {
        "ncores": 12,
        "rank": 0
    },
    "mutations": {
        "move_atoms": {
            "kwargs": {},
            "probability": 0.1
        },
        "rotate_cluster": {
            "kwargs": {},
            "probability": 0.1
        }
    },
    "post_processing": {
        "XYZs": -1
    },
    "predators": {
        "best": {
            "kwargs": {},
            "probability": 1.0
        }
    },
    "pso_moves": null,
    "relaxations": {
        "LAMMPS": {
            "kwargs": {
                "MPMD": 0,
                "keep_files": false,
                "min_modify": "line quadratic",
                "min_style": "cg",
                "minimize": "1e-8 1e-8 5000 10000",
                "pair_style": "eam",
                "potential_file": "/home/zxu/research/StructOpt_modular/potentials/Au_u3.eam",
                "thermo_steps": 0,
                "use_mpi4py": true
            },
            "order": 0
        }
    },
    "seed": 3,
    "selections": {
        "rank": {
            "kwargs": {
                "unique_pairs": false,
                "unique_parents": false
            },
            "probability": 1.0
        }
    },
    "structure_type": "cluster"
}
2017-01-20 03:58:27,943 : INFO : Total fitnesses for the population: 
[-3.42412964 -3.42224836 -3.43052418 -3.42452145 -3.41545709 -3.40740782
 -3.43445727 -3.42119055 -3.42342455 -3.43435709 -3.42779164 -3.427452
 -3.43258509 -3.41768727 -3.42839473 -3.42385509 -3.42678673 -3.41583727
 -3.43405655 -3.42566545] (rank 0)
2017-01-20 03:58:28,602 : INFO : Total fitnesses for the population: 
[-3.42412964 -3.42224836 -3.43052418 -3.42452145 -3.41545709 -3.40740782
 -3.43985927 -3.42119055 -3.42342455 -3.43435709 -3.42779164 -3.427452
 -3.43258509 -3.41768727 -3.42839473 -3.42385509 -3.42678673 -3.41583727
 -3.43405655 -3.42566545 -3.43158745 -3.437172   -3.429948   -3.43394127
 -3.41872164 -3.41151291 -3.42526909 -3.42097073] (rank 0)
2017-01-20 03:58:30,013 : INFO : Total fitnesses for the population: 
[-3.42412964 -3.42224836 -3.43052418 -3.42452145 -3.431896   -3.42342455
 -3.43435709 -3.42779164 -3.427452   -3.43258509 -3.42839473 -3.42385509
 -3.42678673 -3.43405655 -3.42566545 -3.43158745 -3.437172   -3.429948
 -3.43394127 -3.42526909 -3.43697236 -3.42440509 -3.41277327 -3.43526709
 -3.42880927 -3.42973236 -3.422426   -3.41297673 -3.42805345 -3.42883818
 -3.43451055 -3.42777309 -3.42158582 -3.427586   -3.42973764 -3.41954782] (rank 0)
2017-01-20 03:58:30,928 : INFO : Total fitnesses for the population: 
[-3.43052418 -3.431896   -3.43435709 -3.42779164 -3.43258509 -3.42839473
 -3.43405655 -3.43158745 -3.437172   -3.429948   -3.43394127 -3.43697236
 -3.43526709 -3.43572873 -3.42973236 -3.42805345 -3.42883818 -3.43451055
 -3.42777309 -3.42973764 -3.43825073 -3.42748345 -3.43421945 -3.43421309
 -3.41270818 -3.42557618 -3.43008909 -3.43782273 -3.42083509 -3.42497782
 -3.42887309 -3.43519782 -3.41565182 -3.43082982 -3.411782   -3.42844691] (rank 0)
2017-01-20 03:58:31,933 : INFO : Total fitnesses for the population: 
[-3.43052418 -3.431896   -3.43435709 -3.43258509 -3.42268236 -3.43158745
 -3.437172   -3.429948   -3.43394127 -3.43697236 -3.43526709 -3.43572873
 -3.43451055 -3.43825073 -3.43421945 -3.43421309 -3.42024927 -3.43782273
 -3.43519782 -3.43082982 -3.42200618 -3.43590345 -3.42878018 -3.423922
 -3.42992327 -3.42991564 -3.43716236 -3.43231236 -3.43767055 -3.42853527
 -3.41333127 -3.434232  ] (rank 0)
2017-01-20 03:58:32,875 : INFO : Total fitnesses for the population: 
[-3.431896   -3.43435709 -3.43258509 -3.43158745 -3.437172   -3.43394127
 -3.43697236 -3.43526709 -3.43572873 -3.43451055 -3.43825073 -3.43421945
 -3.43421309 -3.43782273 -3.43519782 -3.43590345 -3.43716236 -3.43231236
 -3.43767055 -3.434232   -3.41794164 -3.41699509 -3.43360273 -3.41081782
 -3.41397073 -3.427544   -3.39384236 -3.42715418 -3.44238364 -3.42866164
 -3.43414127 -3.43000582 -3.40650091 -3.42507291 -3.42296836 -3.40831309] (rank 0)
2017-01-20 03:58:33,875 : INFO : Total fitnesses for the population: 
[-3.43435709 -3.43258509 -3.437172   -3.43394127 -3.43697236 -3.43526709
 -3.41882564 -3.43451055 -3.42798727 -3.43421945 -3.43421309 -3.43782273
 -3.43519782 -3.43590345 -3.43716236 -3.43767055 -3.434232   -3.43360273
 -3.44238364 -3.43414127 -3.42654782 -3.43573673 -3.43477109 -3.42292382
 -3.42182455 -3.43651109 -3.42863309 -3.42273309 -3.43430309 -3.42978945
 -3.42103545 -3.43122436 -3.42399909 -3.42902764 -3.42670855 -3.43174291
 -3.41497564 -3.43103564] (rank 0)
2017-01-20 03:58:35,029 : INFO : Total fitnesses for the population: 
[-3.43435709 -3.437172   -3.43394127 -3.43697236 -3.43526709 -3.43451055
 -3.42343473 -3.43421309 -3.43782273 -3.43519782 -3.43590345 -3.43716236
 -3.43767055 -3.434232   -3.44238364 -3.43414127 -3.43573673 -3.43477109
 -3.43651109 -3.43430309 -3.41630382 -3.41160509 -3.43008964 -3.42193073
 -3.42717127 -3.42833309 -3.42858364 -3.43078182 -3.40658818 -3.42504764
 -3.43496564 -3.41515364 -3.42844655 -3.43130927 -3.41346709 -3.42342618] (rank 0)
2017-01-20 03:58:35,974 : INFO : Total fitnesses for the population: 
[-3.43435709 -3.437172   -3.43394127 -3.43697236 -3.43526709 -3.43451055
 -3.43421309 -3.43782273 -3.43519782 -3.43590345 -3.43716236 -3.43767055
 -3.434232   -3.44238364 -3.43414127 -3.43573673 -3.43477109 -3.43651109
 -3.43430309 -3.43496564 -3.431582   -3.420002   -3.42496473 -3.42895036
 -3.42383855 -3.42227945 -3.42626164 -3.42856455 -3.40893073 -3.42407145
 -3.42406709 -3.41511745 -3.43403873 -3.42959073] (rank 0)
2017-01-20 03:58:36,710 : INFO : Total fitnesses for the population: 
[-3.43435709 -3.437172   -3.43697236 -3.43526709 -3.43451055 -3.43421309
 -3.43782273 -3.43519782 -3.43590345 -3.43716236 -3.43767055 -3.434232
 -3.44238364 -3.43414127 -3.43573673 -3.43477109 -3.43651109 -3.43430309
 -3.43496564 -3.43403873 -3.43764291 -3.42891073 -3.42093164 -3.41000782
 -3.43897618 -3.42797473 -3.41590036 -3.42504091 -3.41807527 -3.41427691] (rank 0)
2017-01-20 03:58:37,770 : INFO : Total fitnesses for the population: 
[-3.43435709 -3.437172   -3.43697236 -3.43526709 -3.43451055 -3.43421309
 -3.43782273 -3.43519782 -3.43590345 -3.43716236 -3.43767055 -3.434232
 -3.44238364 -3.43573673 -3.43477109 -3.43651109 -3.43430309 -3.43496564
 -3.43764291 -3.43897618 -3.40840218 -3.42461273 -3.41049418 -3.397744
 -3.40181164 -3.42231455 -3.42570564 -3.42968291 -3.41206018 -3.430154
 -3.43246436 -3.42829818 -3.43140418 -3.40894436] (rank 0)
