2016-08-08 18:05:07,648 : INFO : 0 1 2 3 4 5 6 7
2016-08-08 18:05:10,500 : INFO : 0 1 2 3 4 5 6 7
2016-08-08 18:05:30,131 : INFO : 0 1 2 3 4 5mRoCl 6mMoAt 7
2016-08-08 18:05:35,056 : INFO : 0 1 2 3 4 5 6 7
2016-08-08 18:05:57,765 : INFO : 0 1 2 3 4 5 6mRoCl 7
2016-08-08 18:06:40,468 : INFO : 0 1 2 3 4mRoAt 5mRoAt 6 7
2016-08-08 18:07:22,908 : INFO : 0 1 2 3 4 5 6mSwSp 7
2016-08-08 18:07:32,373 : INFO : 0 1 2 3 4 5 6 7
2016-08-08 18:08:17,877 : INFO : 0 1 2mMoAt 3mRoCl 4 5 6 7
2016-08-08 18:09:25,304 : INFO : 0mRoCl 1 2mRoAt 3 4 5 6 7
2016-08-08 18:10:36,995 : INFO : 0 1 2 3 4mRoAt 5 6 7mMoAt
2016-08-08 18:11:50,337 : INFO : 0 1mSwSp 2 3 4 5mRoAt 6 7
2016-08-08 18:13:31,150 : INFO : 0 2 3 4 5 6 (6+5)Ro8 (6+5)Ro9
2016-08-08 18:13:49,742 : INFO : 0 2 3 4 5 6 8 9
2016-08-08 18:14:08,488 : INFO : 0 2 3 4 5 6 8 9
2016-08-08 18:15:21,202 : INFO : 0mRoCl 2 3 4 5 6 8 9
2016-08-08 18:17:17,498 : INFO : 0 2 3 4 5mRoAt 8 9 (4+8)Ro10
2016-08-08 18:18:56,956 : INFO : 0 2 3 4 5 8 9mRoCl 10
2016-08-08 18:20:50,411 : INFO : 0 2mSwSp 3mRoAt 4 5 8 9 10
2016-08-08 18:23:02,667 : INFO : 0 2 3 4 5mSwSp 8 9 10
2016-08-08 18:25:01,776 : INFO : 0 2 3 4 5 8 9mMoAt 10mSwSp
2016-08-08 18:27:14,960 : INFO : 0mRoAt 2mRoCl 3mRoCl 4 5 8 9 10
2016-08-08 18:29:19,183 : INFO : 0 2 3 4 5mSwSp 8 9 10
2016-08-08 18:31:33,357 : INFO : 0 2 3 4mRoCl 5 8mRoCl 9 10
2016-08-08 18:34:05,969 : INFO : 0 2 3 4 5 8 9 10
2016-08-08 18:37:04,812 : INFO : 0 2 3 4mRoAt 5 8 9 10
2016-08-08 18:39:37,080 : INFO : 0mMoAt 2 3 4 5mRoAt 8 9 10
2016-08-08 18:42:20,803 : INFO : 0 2 3mMoAt 4 5mRoAt 8 9mRoCl 10mSwSp
2016-08-08 18:44:53,194 : INFO : 0 2 3mMoAt 4 5 8 9 10
2016-08-08 18:47:36,619 : INFO : 0 2 3 4mRoAt 5 8 9 10
2016-08-08 18:48:21,774 : INFO : 0 2 3 4 5 8 9 10
2016-08-08 18:51:06,985 : INFO : 0 2 3 4mRoCl 5 8mRoAt 9 10mMoAt
2016-08-08 18:53:44,680 : INFO : 0 2 3 4 5 8 9 10mRoCl
2016-08-08 18:56:36,101 : INFO : 0 2 3 4mRoCl 5 8 9 10
2016-08-08 18:59:30,601 : INFO : 0mSwSp 2 3 4 5 8 9 10
2016-08-08 19:03:12,903 : INFO : 0 2 3 4 5 8 9mMoAt 10mRoAt
2016-08-08 19:06:08,001 : INFO : 0 2 3 4 5 8 9mRoAt 10
