2017-01-20 03:58:43,212 : INFO : Current parameters:
2017-01-20 03:58:43,213 : INFO : {
    "convergence": {
        "max_generations": 10
    },
    "crossovers": {
        "rotate": {
            "kwargs": {},
            "probability": 0.7
        }
    },
    "fingerprinters": {
        "diversify_module": {
            "kwargs": {
                "min_diff": 0.001,
                "module": "LAMMPS"
            },
            "probability": 1.0
        },
        "keep_best": true
    },
    "fitnesses": {
        "LAMMPS": {
            "kwargs": {
                "MPMD": 0,
                "keep_files": false,
                "min_modify": "line quadratic",
                "min_style": "cg",
                "minimize": "1e-8 1e-8 5000 10000",
                "pair_style": "eam",
                "potential_file": "/home/zxu/research/StructOpt_modular/potentials/Au_u3.eam",
                "thermo_steps": 0,
                "use_mpi4py": true
            },
            "weight": 1.0
        }
    },
    "generators": {
        "sphere": {
            "kwargs": {
                "atomlist": [
                    [
                        "Au",
                        55
                    ]
                ],
                "cell": [
                    20,
                    20,
                    20
                ]
            },
            "number_of_individuals": 20
        }
    },
    "logging": {
        "path": "/home/zxu/research/StructOpt_modular-dev/examples/job_manager_examples/Au55-seed-4/logs20170120035843"
    },
    "mpi": {
        "ncores": 12,
        "rank": 0
    },
    "mutations": {
        "move_atoms": {
            "kwargs": {},
            "probability": 0.1
        },
        "rotate_cluster": {
            "kwargs": {},
            "probability": 0.1
        }
    },
    "post_processing": {
        "XYZs": -1
    },
    "predators": {
        "best": {
            "kwargs": {},
            "probability": 1.0
        }
    },
    "pso_moves": null,
    "relaxations": {
        "LAMMPS": {
            "kwargs": {
                "MPMD": 0,
                "keep_files": false,
                "min_modify": "line quadratic",
                "min_style": "cg",
                "minimize": "1e-8 1e-8 5000 10000",
                "pair_style": "eam",
                "potential_file": "/home/zxu/research/StructOpt_modular/potentials/Au_u3.eam",
                "thermo_steps": 0,
                "use_mpi4py": true
            },
            "order": 0
        }
    },
    "seed": 4,
    "selections": {
        "rank": {
            "kwargs": {
                "unique_pairs": false,
                "unique_parents": false
            },
            "probability": 1.0
        }
    },
    "structure_type": "cluster"
}
2017-01-20 03:58:46,140 : INFO : Total fitnesses for the population: 
[-3.42190655 -3.42144873 -3.42943509 -3.41372127 -3.43120418 -3.41128655
 -3.43027018 -3.42781109 -3.41971982 -3.42487345 -3.41916255 -3.42188982
 -3.42948527 -3.43025945 -3.41846709 -3.435326   -3.42969127 -3.42226764
 -3.41794036 -3.42449745] (rank 0)
2017-01-20 03:58:46,896 : INFO : Total fitnesses for the population: 
[-3.42190655 -3.42144873 -3.42943509 -3.41372127 -3.43120418 -3.41128655
 -3.43027018 -3.42781109 -3.41971982 -3.42487345 -3.41916255 -3.42188982
 -3.42948527 -3.43025945 -3.41846709 -3.435326   -3.42969127 -3.42226764
 -3.41794036 -3.42449745 -3.42222036 -3.42807636 -3.42064945 -3.42492836
 -3.426118   -3.43273327 -3.43117855 -3.43583255 -3.42353727 -3.41660345
 -3.423014   -3.41915764] (rank 0)
2017-01-20 03:58:47,591 : INFO : Total fitnesses for the population: 
[-3.42943509 -3.43120418 -3.43027018 -3.42781109 -3.42487345 -3.42948527
 -3.43025945 -3.435326   -3.42969127 -3.42226764 -3.42449745 -3.42222036
 -3.42807636 -3.42492836 -3.426118   -3.43273327 -3.43117855 -3.43583255
 -3.42353727 -3.423014   -3.43472036 -3.42447018 -3.42752182 -3.42316782
 -3.428854   -3.42421164 -3.43215491 -3.42210291 -3.42773655 -3.42009691] (rank 0)
2017-01-20 03:58:48,360 : INFO : Total fitnesses for the population: 
[-3.42943509 -3.43120418 -3.43027018 -3.42781109 -3.42487345 -3.42948527
 -3.43025945 -3.43532618 -3.42969127 -3.42807636 -3.42492836 -3.426118
 -3.43273327 -3.43117855 -3.43583255 -3.43472036 -3.42752182 -3.428854
 -3.43215491 -3.42773655 -3.43213236 -3.43416327 -3.42124855 -3.41658291
 -3.42953545 -3.42110018 -3.42586636 -3.41780855 -3.40260709 -3.43102218
 -3.41263055 -3.42107418] (rank 0)
2017-01-20 03:58:49,253 : INFO : Total fitnesses for the population: 
[-3.42943509 -3.43120418 -3.43027018 -3.42781109 -3.42948527 -3.43025945
 -3.43532618 -3.42969127 -3.42807636 -3.43273327 -3.43117855 -3.43583255
 -3.43472036 -3.428854   -3.43215491 -3.42773655 -3.43213236 -3.43416327
 -3.42953545 -3.43102218 -3.42326964 -3.42879036 -3.43355764 -3.42953782
 -3.43649364 -3.41781673 -3.42638345 -3.42631927 -3.41718545 -3.41871036] (rank 0)
2017-01-20 03:58:49,996 : INFO : Total fitnesses for the population: 
[-3.42943509 -3.43120418 -3.43027018 -3.42948527 -3.43025945 -3.43532618
 -3.42969127 -3.43273327 -3.43117855 -3.43583255 -3.43472036 -3.428854
 -3.43215491 -3.43213236 -3.43416327 -3.42953545 -3.43102218 -3.43355764
 -3.42953782 -3.43649364 -3.42074709 -3.427326   -3.41228673 -3.41815164
 -3.40280745 -3.42161582 -3.43559236 -3.43458618 -3.41438182 -3.43811255] (rank 0)
2017-01-20 03:58:50,819 : INFO : Total fitnesses for the population: 
[-3.43120418 -3.43774964 -3.43025945 -3.43532618 -3.42969127 -3.43273327
 -3.43117855 -3.43583255 -3.43472036 -3.43215491 -3.43213236 -3.43416327
 -3.42953545 -3.43102218 -3.43355764 -3.42953782 -3.43649364 -3.43559236
 -3.43458618 -3.43811255 -3.43222873 -3.42062673 -3.42828236 -3.42304982
 -3.42963527 -3.43005527 -3.42106364 -3.42896527 -3.41501127 -3.41355018
 -3.42737836 -3.42270909] (rank 0)
2017-01-20 03:58:51,864 : INFO : Total fitnesses for the population: 
[-3.43120418 -3.43774964 -3.43025945 -3.43532618 -3.42969127 -3.43273327
 -3.43117855 -3.43583255 -3.43472036 -3.43215491 -3.43213236 -3.43416327
 -3.43102218 -3.43355764 -3.43649364 -3.43559236 -3.43458618 -3.43811255
 -3.43222873 -3.43005527 -3.436282   -3.42001745 -3.42049891 -3.42622127
 -3.41989218 -3.42126345 -3.43211091 -3.42155691 -3.42674291 -3.42996509
 -3.433722   -3.42254927 -3.37733745 -3.43178855] (rank 0)
2017-01-20 03:58:52,683 : INFO : Total fitnesses for the population: 
[-3.43120418 -3.43774964 -3.43532618 -3.43273327 -3.43117855 -3.43583255
 -3.43472036 -3.43215491 -3.43213236 -3.43416327 -3.43355764 -3.43649364
 -3.43559236 -3.43458618 -3.43811255 -3.43222873 -3.436282   -3.43211091
 -3.433722   -3.43178855 -3.43570018 -3.42287945 -3.41189509 -3.42675764
 -3.43070545 -3.43853891 -3.42453455 -3.414676   -3.42508164 -3.42904891
 -3.42031782 -3.41676018] (rank 0)
2017-01-20 03:58:53,568 : INFO : Total fitnesses for the population: 
[-3.43774964 -3.43532618 -3.43273327 -3.43583255 -3.43472036 -3.43215491
 -3.43213236 -3.43416327 -3.43355764 -3.43649364 -3.43559236 -3.43458618
 -3.43811255 -3.43222873 -3.436282   -3.43211091 -3.433722   -3.43178855
 -3.43570018 -3.43853891 -3.41624473 -3.42202418 -3.41534836 -3.42898618
 -3.42604127 -3.43604182 -3.42901273 -3.43324073 -3.42370836 -3.41958545
 -3.42407127 -3.42654418 -3.42578091 -3.43621545] (rank 0)
2017-01-20 03:58:55,002 : INFO : Total fitnesses for the population: 
[-3.43774964 -3.43532618 -3.43273327 -3.43583255 -3.43472036 -3.43215491
 -3.43416327 -3.43355764 -3.43649364 -3.43559236 -3.43458618 -3.43811255
 -3.43222873 -3.436282   -3.433722   -3.43570018 -3.43853891 -3.43604182
 -3.43324073 -3.43621545 -3.43438782 -3.42206927 -3.42356073 -3.42282382
 -3.43762182 -3.431924   -3.42229473 -3.42933455 -3.42245    -3.416518
 -3.42589418 -3.41869818 -3.42588018 -3.41561909 -3.43545055 -3.409066  ] (rank 0)
