2017-01-20 03:58:06,196 : INFO : Current parameters:
2017-01-20 03:58:06,197 : INFO : {
    "convergence": {
        "max_generations": 10
    },
    "crossovers": {
        "rotate": {
            "kwargs": {},
            "probability": 0.7
        }
    },
    "fingerprinters": {
        "diversify_module": {
            "kwargs": {
                "min_diff": 0.001,
                "module": "LAMMPS"
            },
            "probability": 1.0
        },
        "keep_best": true
    },
    "fitnesses": {
        "LAMMPS": {
            "kwargs": {
                "MPMD": 0,
                "keep_files": false,
                "min_modify": "line quadratic",
                "min_style": "cg",
                "minimize": "1e-8 1e-8 5000 10000",
                "pair_style": "eam",
                "potential_file": "/home/zxu/research/StructOpt_modular/potentials/Au_u3.eam",
                "thermo_steps": 0,
                "use_mpi4py": true
            },
            "weight": 1.0
        }
    },
    "generators": {
        "sphere": {
            "kwargs": {
                "atomlist": [
                    [
                        "Au",
                        55
                    ]
                ],
                "cell": [
                    20,
                    20,
                    20
                ]
            },
            "number_of_individuals": 20
        }
    },
    "logging": {
        "path": "/home/zxu/research/StructOpt_modular-dev/examples/job_manager_examples/Au55-seed-2/logs20170120035806"
    },
    "mpi": {
        "ncores": 12,
        "rank": 0
    },
    "mutations": {
        "move_atoms": {
            "kwargs": {},
            "probability": 0.1
        },
        "rotate_cluster": {
            "kwargs": {},
            "probability": 0.1
        }
    },
    "post_processing": {
        "XYZs": -1
    },
    "predators": {
        "best": {
            "kwargs": {},
            "probability": 1.0
        }
    },
    "pso_moves": null,
    "relaxations": {
        "LAMMPS": {
            "kwargs": {
                "MPMD": 0,
                "keep_files": false,
                "min_modify": "line quadratic",
                "min_style": "cg",
                "minimize": "1e-8 1e-8 5000 10000",
                "pair_style": "eam",
                "potential_file": "/home/zxu/research/StructOpt_modular/potentials/Au_u3.eam",
                "thermo_steps": 0,
                "use_mpi4py": true
            },
            "order": 0
        }
    },
    "seed": 2,
    "selections": {
        "rank": {
            "kwargs": {
                "unique_pairs": false,
                "unique_parents": false
            },
            "probability": 1.0
        }
    },
    "structure_type": "cluster"
}
2017-01-20 03:58:08,704 : INFO : Total fitnesses for the population: 
[-3.42950345 -3.43505727 -3.40853618 -3.431378   -3.42225345 -3.42966964
 -3.42465964 -3.42201636 -3.41462873 -3.42307927 -3.40148255 -3.41452345
 -3.42929436 -3.41281873 -3.42840236 -3.42398164 -3.41684255 -3.41178273
 -3.42610982 -3.420862  ] (rank 0)
2017-01-20 03:58:09,623 : INFO : Total fitnesses for the population: 
[-3.42950345 -3.43505727 -3.40853618 -3.43545273 -3.42225345 -3.42966964
 -3.42465964 -3.42201636 -3.41462873 -3.42307927 -3.40148255 -3.41452345
 -3.42929436 -3.41281873 -3.42840236 -3.42398164 -3.41684255 -3.41178273
 -3.42610982 -3.420862   -3.41897873 -3.43308982 -3.42967309 -3.41393636
 -3.41658382 -3.42257018 -3.41619    -3.43712836 -3.41346127 -3.42072964
 -3.41750255 -3.42690091 -3.42589618 -3.42062836 -3.42956673 -3.423156  ] (rank 0)
2017-01-20 03:58:10,463 : INFO : Total fitnesses for the population: 
[-3.42950345 -3.43505727 -3.43545273 -3.42225345 -3.42966964 -3.42465964
 -3.42201636 -3.42307927 -3.42929436 -3.42840236 -3.42398164 -3.42610982
 -3.419466   -3.42967309 -3.42257018 -3.43712836 -3.42690091 -3.42589618
 -3.42956673 -3.423156   -3.40935509 -3.42118345 -3.41243745 -3.41424455
 -3.42954582 -3.431914   -3.42328891 -3.41950109 -3.43271764 -3.437322
 -3.43634055 -3.43517291 -3.41776636 -3.42928127] (rank 0)
2017-01-20 03:58:11,221 : INFO : Total fitnesses for the population: 
[-3.42950345 -3.43505727 -3.43545273 -3.42966964 -3.42465964 -3.42929436
 -3.42840236 -3.42610982 -3.42967309 -3.43712836 -3.42690091 -3.42589618
 -3.42956673 -3.42954582 -3.431914   -3.43271764 -3.437322   -3.43634055
 -3.43517291 -3.42928127 -3.43052255 -3.43664764 -3.43240764 -3.42659055
 -3.42427382 -3.42743618 -3.40837564 -3.416464   -3.430132   -3.41629818
 -3.43939291 -3.42260327] (rank 0)
2017-01-20 03:58:12,057 : INFO : Total fitnesses for the population: 
[-3.42950345 -3.43505727 -3.43545273 -3.42966964 -3.42929436 -3.42967309
 -3.43712836 -3.42956673 -3.42954582 -3.431914   -3.43271764 -3.437322
 -3.43634055 -3.43517291 -3.42928127 -3.43052255 -3.43664764 -3.43240764
 -3.430132   -3.43939291 -3.42665436 -3.42293    -3.434618   -3.430238
 -3.43534545 -3.43854055 -3.43095018 -3.42788691] (rank 0)
2017-01-20 03:58:12,999 : INFO : Total fitnesses for the population: 
[-3.43505727 -3.43545273 -3.42966964 -3.42967309 -3.43712836 -3.431914
 -3.43271764 -3.437322   -3.43634055 -3.43517291 -3.43052255 -3.43664764
 -3.43240764 -3.430132   -3.43939291 -3.434618   -3.430238   -3.43534545
 -3.43854055 -3.43095018 -3.40819436 -3.42256855 -3.43211473 -3.44467218
 -3.42013964 -3.42821418 -3.43262764 -3.43010327 -3.41575764 -3.42640982
 -3.42712073 -3.42258164 -3.43085564 -3.42147491 -3.41287618 -3.42491564] (rank 0)
2017-01-20 03:58:14,398 : INFO : Total fitnesses for the population: 
[-3.43505727 -3.42525273 -3.43712836 -3.431914   -3.43271764 -3.437322
 -3.43634055 -3.43517291 -3.43052255 -3.43664764 -3.43240764 -3.43939291
 -3.434618   -3.43534545 -3.43854055 -3.43095018 -3.43211473 -3.44467218
 -3.43262764 -3.43085564 -3.42708655 -3.43004545 -3.39896545 -3.41834782
 -3.42509327 -3.41064055 -3.41161709 -3.43080545 -3.42801855 -3.43377127] (rank 0)
2017-01-20 03:58:15,722 : INFO : Total fitnesses for the population: 
[-3.42518036 -3.43712836 -3.431914   -3.43271764 -3.437322   -3.43634055
 -3.43517291 -3.43553109 -3.43240764 -3.43939291 -3.434618   -3.43534545
 -3.43854055 -3.43095018 -3.43211473 -3.44467218 -3.43262764 -3.43085564
 -3.43080545 -3.43377127 -3.41956145 -3.43150818 -3.43607909 -3.43757509
 -3.43370455 -3.41884764 -3.42285564 -3.417476   -3.42596273 -3.42984873
 -3.43574691 -3.41465545 -3.42670855 -3.43332855 -3.42104618 -3.41931836
 -3.42586818 -3.42385455] (rank 0)
2017-01-20 03:58:16,618 : INFO : Total fitnesses for the population: 
[-3.43712836 -3.43271764 -3.437322   -3.43634055 -3.43517291 -3.43553109
 -3.43240764 -3.43939291 -3.434618   -3.43534545 -3.43854055 -3.43211473
 -3.44467218 -3.43262764 -3.43377127 -3.43607909 -3.43757509 -3.43370455
 -3.43574691 -3.43046182 -3.43884382 -3.417548   -3.43398236 -3.43335382
 -3.41855527 -3.43063927 -3.42998436 -3.43257582 -3.43294945 -3.42596945
 -3.424516   -3.42324418 -3.42650182 -3.42862964] (rank 0)
2017-01-20 03:58:17,754 : INFO : Total fitnesses for the population: 
[-3.43712836 -3.43271764 -3.437322   -3.43634055 -3.43517291 -3.43553109
 -3.43939291 -3.434618   -3.43534545 -3.43854055 -3.44467218 -3.43377127
 -3.43607909 -3.43757509 -3.43370455 -3.43574691 -3.43884382 -3.43398236
 -3.43335382 -3.43294945 -3.418472   -3.41228818 -3.41430127 -3.41902945
 -3.42540745 -3.41546218 -3.43804545 -3.43372    -3.427762   -3.43096473
 -3.42172945 -3.42372545 -3.42548364 -3.43760073 -3.42788036 -3.42055418
 -3.43245927 -3.43665764 -3.43174545 -3.438184  ] (rank 0)
2017-01-20 03:58:18,876 : INFO : Total fitnesses for the population: 
[-3.43712836 -3.437322   -3.43634055 -3.43517291 -3.43553109 -3.43939291
 -3.434618   -3.43534545 -3.43854055 -3.44467218 -3.43377127 -3.43607909
 -3.43757509 -3.43574691 -3.43884382 -3.43398236 -3.43804545 -3.43760073
 -3.43665764 -3.438184   -3.43406745 -3.41016382 -3.42009782 -3.42248727
 -3.39758473 -3.42997273 -3.40861164 -3.43679473 -3.43315345 -3.43557418
 -3.42241891 -3.40963582 -3.43165909 -3.42922436 -3.43462455 -3.42574345
 -3.41739091 -3.43104309 -3.42195618 -3.42387109] (rank 0)
