2017-01-20 03:58:08,792 : INFO : 
2017-01-20 03:58:08,792 : INFO : Generation 0 (cumulative) timing information
2017-01-20 03:58:08,792 : INFO : selection : 0.00 s (0.00 s)
2017-01-20 03:58:08,792 : INFO : crossover : 0.00 s (0.00 s)
2017-01-20 03:58:08,792 : INFO : mutation  : 0.00 s (0.00 s)
2017-01-20 03:58:08,792 : INFO : relax     : 0.97 s (0.97 s)
2017-01-20 03:58:08,792 : INFO : fitness   : 0.00 s (0.00 s)
2017-01-20 03:58:08,793 : INFO : predator  : 0.02 s (0.02 s)
2017-01-20 03:58:08,793 : INFO : step      : 1.00 s (1.00 s)
2017-01-20 03:58:09,709 : INFO : 
2017-01-20 03:58:09,709 : INFO : Generation 1 (cumulative) timing information
2017-01-20 03:58:09,709 : INFO : selection : 0.02 s (0.02 s)
2017-01-20 03:58:09,709 : INFO : crossover : 0.28 s (0.28 s)
2017-01-20 03:58:09,709 : INFO : mutation  : 0.06 s (0.06 s)
2017-01-20 03:58:09,709 : INFO : relax     : 0.46 s (1.43 s)
2017-01-20 03:58:09,709 : INFO : fitness   : 0.01 s (0.02 s)
2017-01-20 03:58:09,709 : INFO : predator  : 0.02 s (0.04 s)
2017-01-20 03:58:09,709 : INFO : step      : 0.85 s (1.85 s)
2017-01-20 03:58:10,561 : INFO : 
2017-01-20 03:58:10,561 : INFO : Generation 2 (cumulative) timing information
2017-01-20 03:58:10,561 : INFO : selection : 0.02 s (0.03 s)
2017-01-20 03:58:10,561 : INFO : crossover : 0.25 s (0.54 s)
2017-01-20 03:58:10,562 : INFO : mutation  : 0.04 s (0.10 s)
2017-01-20 03:58:10,562 : INFO : relax     : 0.44 s (1.86 s)
2017-01-20 03:58:10,562 : INFO : fitness   : 0.01 s (0.03 s)
2017-01-20 03:58:10,562 : INFO : predator  : 0.03 s (0.07 s)
2017-01-20 03:58:10,562 : INFO : step      : 0.78 s (2.63 s)
2017-01-20 03:58:11,314 : INFO : 
2017-01-20 03:58:11,314 : INFO : Generation 3 (cumulative) timing information
2017-01-20 03:58:11,314 : INFO : selection : 0.02 s (0.05 s)
2017-01-20 03:58:11,314 : INFO : crossover : 0.22 s (0.76 s)
2017-01-20 03:58:11,314 : INFO : mutation  : 0.03 s (0.13 s)
2017-01-20 03:58:11,314 : INFO : relax     : 0.38 s (2.24 s)
2017-01-20 03:58:11,315 : INFO : fitness   : 0.01 s (0.04 s)
2017-01-20 03:58:11,315 : INFO : predator  : 0.02 s (0.10 s)
2017-01-20 03:58:11,315 : INFO : step      : 0.68 s (3.31 s)
2017-01-20 03:58:12,151 : INFO : 
2017-01-20 03:58:12,151 : INFO : Generation 4 (cumulative) timing information
2017-01-20 03:58:12,151 : INFO : selection : 0.02 s (0.07 s)
2017-01-20 03:58:12,151 : INFO : crossover : 0.15 s (0.91 s)
2017-01-20 03:58:12,151 : INFO : mutation  : 0.04 s (0.17 s)
2017-01-20 03:58:12,152 : INFO : relax     : 0.52 s (2.76 s)
2017-01-20 03:58:12,152 : INFO : fitness   : 0.02 s (0.06 s)
2017-01-20 03:58:12,152 : INFO : predator  : 0.02 s (0.12 s)
2017-01-20 03:58:12,152 : INFO : step      : 0.77 s (4.08 s)
2017-01-20 03:58:13,093 : INFO : 
2017-01-20 03:58:13,094 : INFO : Generation 5 (cumulative) timing information
2017-01-20 03:58:13,094 : INFO : selection : 0.02 s (0.08 s)
2017-01-20 03:58:13,094 : INFO : crossover : 0.29 s (1.19 s)
2017-01-20 03:58:13,094 : INFO : mutation  : 0.04 s (0.22 s)
2017-01-20 03:58:13,094 : INFO : relax     : 0.48 s (3.24 s)
2017-01-20 03:58:13,094 : INFO : fitness   : 0.01 s (0.07 s)
2017-01-20 03:58:13,094 : INFO : predator  : 0.03 s (0.15 s)
2017-01-20 03:58:13,094 : INFO : step      : 0.87 s (4.95 s)
2017-01-20 03:58:14,592 : INFO : 
2017-01-20 03:58:14,592 : INFO : Generation 6 (cumulative) timing information
2017-01-20 03:58:14,592 : INFO : selection : 0.02 s (0.11 s)
2017-01-20 03:58:14,592 : INFO : crossover : 0.19 s (1.38 s)
2017-01-20 03:58:14,593 : INFO : mutation  : 0.04 s (0.25 s)
2017-01-20 03:58:14,593 : INFO : relax     : 1.04 s (4.29 s)
2017-01-20 03:58:14,593 : INFO : fitness   : 0.01 s (0.08 s)
2017-01-20 03:58:14,593 : INFO : predator  : 0.02 s (0.17 s)
2017-01-20 03:58:14,593 : INFO : step      : 1.33 s (6.28 s)
2017-01-20 03:58:15,817 : INFO : 
2017-01-20 03:58:15,817 : INFO : Generation 7 (cumulative) timing information
2017-01-20 03:58:15,817 : INFO : selection : 0.02 s (0.12 s)
2017-01-20 03:58:15,817 : INFO : crossover : 0.32 s (1.70 s)
2017-01-20 03:58:15,817 : INFO : mutation  : 0.05 s (0.30 s)
2017-01-20 03:58:15,817 : INFO : relax     : 0.59 s (4.87 s)
2017-01-20 03:58:15,817 : INFO : fitness   : 0.16 s (0.24 s)
2017-01-20 03:58:15,818 : INFO : predator  : 0.03 s (0.20 s)
2017-01-20 03:58:15,818 : INFO : step      : 1.15 s (7.44 s)
2017-01-20 03:58:16,716 : INFO : 
2017-01-20 03:58:16,716 : INFO : Generation 8 (cumulative) timing information
2017-01-20 03:58:16,716 : INFO : selection : 0.02 s (0.14 s)
2017-01-20 03:58:16,717 : INFO : crossover : 0.26 s (1.96 s)
2017-01-20 03:58:16,717 : INFO : mutation  : 0.04 s (0.34 s)
2017-01-20 03:58:16,717 : INFO : relax     : 0.47 s (5.35 s)
2017-01-20 03:58:16,717 : INFO : fitness   : 0.01 s (0.25 s)
2017-01-20 03:58:16,717 : INFO : predator  : 0.03 s (0.22 s)
2017-01-20 03:58:16,717 : INFO : step      : 0.83 s (8.26 s)
2017-01-20 03:58:17,857 : INFO : 
2017-01-20 03:58:17,858 : INFO : Generation 9 (cumulative) timing information
2017-01-20 03:58:17,858 : INFO : selection : 0.02 s (0.16 s)
2017-01-20 03:58:17,858 : INFO : crossover : 0.36 s (2.31 s)
2017-01-20 03:58:17,858 : INFO : mutation  : 0.05 s (0.39 s)
2017-01-20 03:58:17,858 : INFO : relax     : 0.61 s (5.96 s)
2017-01-20 03:58:17,858 : INFO : fitness   : 0.01 s (0.26 s)
2017-01-20 03:58:17,858 : INFO : predator  : 0.03 s (0.25 s)
2017-01-20 03:58:17,858 : INFO : step      : 1.06 s (9.32 s)
2017-01-20 03:58:19,009 : INFO : 
2017-01-20 03:58:19,010 : INFO : Generation 10 (cumulative) timing information
2017-01-20 03:58:19,010 : INFO : selection : 0.08 s (0.24 s)
2017-01-20 03:58:19,010 : INFO : crossover : 0.35 s (2.67 s)
2017-01-20 03:58:19,010 : INFO : mutation  : 0.04 s (0.43 s)
2017-01-20 03:58:19,010 : INFO : relax     : 0.52 s (6.48 s)
2017-01-20 03:58:19,010 : INFO : fitness   : 0.02 s (0.28 s)
2017-01-20 03:58:19,010 : INFO : predator  : 0.03 s (0.27 s)
2017-01-20 03:58:19,010 : INFO : step      : 1.04 s (10.37 s)
