2016-09-02 09:15:36,001 : INFO : Found 20 individuals to relax on core 0: [<Individual 0>, <Individual 1>, <Individual 2>, <Individual 3>, <Individual 4>, <Individual 5>, <Individual 6>, <Individual 7>, <Individual 8>, <Individual 9>, <Individual 10>, <Individual 11>, <Individual 12>, <Individual 13>, <Individual 14>, <Individual 15>, <Individual 16>, <Individual 17>, <Individual 18>, <Individual 19>]
2016-09-02 09:15:37,428 : INFO : Performing mutation <function move_atoms at 0x2aee28fa89d8> on individual 4
2016-09-02 09:15:37,429 : INFO : Performing mutation None on individual 9
2016-09-02 09:15:37,429 : INFO : Performing mutation None on individual 13
2016-09-02 09:15:37,430 : INFO : Performing mutation <function rotate_cluster at 0x2aee28fa8ae8> on individual 29
2016-09-02 09:15:37,456 : INFO : Found 19 individuals to relax on core 0: [<Individual 4>, <Individual 20>, <Individual 21>, <Individual 22>, <Individual 23>, <Individual 24>, <Individual 25>, <Individual 26>, <Individual 27>, <Individual 28>, <Individual 29>, <Individual 30>, <Individual 31>, <Individual 32>, <Individual 33>, <Individual 34>, <Individual 35>, <Individual 36>, <Individual 37>]
2016-09-02 09:15:39,584 : INFO : Performing mutation None on individual 5
2016-09-02 09:15:39,584 : INFO : Performing mutation None on individual 18
2016-09-02 09:15:39,584 : INFO : Performing mutation <function rotate_cluster at 0x2aee28fa8ae8> on individual 21
2016-09-02 09:15:39,586 : INFO : Performing mutation None on individual 22
2016-09-02 09:15:39,586 : INFO : Performing mutation None on individual 27
2016-09-02 09:15:39,586 : INFO : Performing mutation None on individual 32
2016-09-02 09:15:39,586 : INFO : Performing mutation None on individual 36
2016-09-02 09:15:39,587 : INFO : Performing mutation None on individual 51
2016-09-02 09:15:39,587 : INFO : Performing mutation None on individual 52
2016-09-02 09:15:39,587 : INFO : Performing mutation <function rotate_cluster at 0x2aee28fa8ae8> on individual 53
2016-09-02 09:15:39,600 : INFO : Found 17 individuals to relax on core 0: [<Individual 21>, <Individual 38>, <Individual 39>, <Individual 40>, <Individual 41>, <Individual 42>, <Individual 43>, <Individual 44>, <Individual 45>, <Individual 46>, <Individual 47>, <Individual 48>, <Individual 49>, <Individual 50>, <Individual 51>, <Individual 52>, <Individual 53>]
2016-09-02 09:15:42,649 : INFO : Performing mutation <function move_atoms at 0x2aee28fa89d8> on individual 7
2016-09-02 09:15:42,650 : INFO : Performing mutation None on individual 67
2016-09-02 09:15:42,650 : INFO : Performing mutation <function rotate_cluster at 0x2aee28fa8ae8> on individual 68
2016-09-02 09:15:42,663 : INFO : Found 17 individuals to relax on core 0: [<Individual 7>, <Individual 54>, <Individual 55>, <Individual 56>, <Individual 57>, <Individual 58>, <Individual 59>, <Individual 60>, <Individual 61>, <Individual 62>, <Individual 63>, <Individual 64>, <Individual 65>, <Individual 66>, <Individual 67>, <Individual 68>, <Individual 69>]
2016-09-02 09:15:45,782 : INFO : Performing mutation None on individual 11
2016-09-02 09:15:45,783 : INFO : Performing mutation None on individual 23
2016-09-02 09:15:45,783 : INFO : Performing mutation None on individual 37
2016-09-02 09:15:45,783 : INFO : Performing mutation None on individual 42
2016-09-02 09:15:45,783 : INFO : Performing mutation None on individual 66
2016-09-02 09:15:45,783 : INFO : Performing mutation None on individual 68
2016-09-02 09:15:45,783 : INFO : Performing mutation None on individual 73
2016-09-02 09:15:45,784 : INFO : Performing mutation <function move_atoms at 0x2aee28fa89d8> on individual 75
2016-09-02 09:15:45,785 : INFO : Performing mutation None on individual 81
2016-09-02 09:15:45,785 : INFO : Performing mutation None on individual 84
2016-09-02 09:15:45,785 : INFO : Performing mutation None on individual 85
2016-09-02 09:15:45,798 : INFO : Found 16 individuals to relax on core 0: [<Individual 70>, <Individual 71>, <Individual 72>, <Individual 73>, <Individual 74>, <Individual 75>, <Individual 76>, <Individual 77>, <Individual 78>, <Individual 79>, <Individual 80>, <Individual 81>, <Individual 82>, <Individual 83>, <Individual 84>, <Individual 85>]
2016-09-02 09:15:46,999 : INFO : Performing mutation None on individual 37
2016-09-02 09:15:46,999 : INFO : Performing mutation <function rotate_cluster at 0x2aee28fa8ae8> on individual 54
2016-09-02 09:15:47,001 : INFO : Performing mutation None on individual 66
2016-09-02 09:15:47,001 : INFO : Performing mutation None on individual 80
2016-09-02 09:15:47,002 : INFO : Performing mutation None on individual 96
2016-09-02 09:15:47,092 : INFO : Found 15 individuals to relax on core 0: [<Individual 54>, <Individual 86>, <Individual 87>, <Individual 88>, <Individual 89>, <Individual 90>, <Individual 91>, <Individual 92>, <Individual 93>, <Individual 94>, <Individual 95>, <Individual 96>, <Individual 97>, <Individual 98>, <Individual 99>]
2016-09-02 09:15:49,146 : INFO : Performing mutation None on individual 54
2016-09-02 09:15:49,146 : INFO : Performing mutation None on individual 86
2016-09-02 09:15:49,146 : INFO : Performing mutation None on individual 101
2016-09-02 09:15:49,146 : INFO : Performing mutation <function rotate_cluster at 0x2aee28fa8ae8> on individual 102
2016-09-02 09:15:49,148 : INFO : Performing mutation <function move_atoms at 0x2aee28fa89d8> on individual 105
2016-09-02 09:15:49,149 : INFO : Performing mutation None on individual 108
2016-09-02 09:15:49,159 : INFO : Found 12 individuals to relax on core 0: [<Individual 100>, <Individual 101>, <Individual 102>, <Individual 103>, <Individual 104>, <Individual 105>, <Individual 106>, <Individual 107>, <Individual 108>, <Individual 109>, <Individual 110>, <Individual 111>]
2016-09-02 09:15:50,624 : INFO : Performing mutation None on individual 37
2016-09-02 09:15:50,625 : INFO : Performing mutation None on individual 68
2016-09-02 09:15:50,625 : INFO : Performing mutation None on individual 86
2016-09-02 09:15:50,625 : INFO : Performing mutation None on individual 87
2016-09-02 09:15:50,625 : INFO : Performing mutation None on individual 112
2016-09-02 09:15:50,625 : INFO : Performing mutation None on individual 113
2016-09-02 09:15:50,626 : INFO : Performing mutation None on individual 115
2016-09-02 09:15:50,626 : INFO : Performing mutation None on individual 121
2016-09-02 09:15:50,636 : INFO : Found 12 individuals to relax on core 0: [<Individual 112>, <Individual 113>, <Individual 114>, <Individual 115>, <Individual 116>, <Individual 117>, <Individual 118>, <Individual 119>, <Individual 120>, <Individual 121>, <Individual 122>, <Individual 123>]
2016-09-02 09:15:51,915 : INFO : Performing mutation None on individual 81
2016-09-02 09:15:51,915 : INFO : Performing mutation None on individual 102
2016-09-02 09:15:51,915 : INFO : Performing mutation None on individual 104
2016-09-02 09:15:51,916 : INFO : Performing mutation <function rotate_cluster at 0x2aee28fa8ae8> on individual 115
2016-09-02 09:15:51,917 : INFO : Performing mutation None on individual 119
2016-09-02 09:15:51,917 : INFO : Performing mutation <function move_atoms at 0x2aee28fa89d8> on individual 125
2016-09-02 09:15:51,918 : INFO : Performing mutation None on individual 136
2016-09-02 09:15:51,931 : INFO : Found 15 individuals to relax on core 0: [<Individual 115>, <Individual 124>, <Individual 125>, <Individual 126>, <Individual 127>, <Individual 128>, <Individual 129>, <Individual 130>, <Individual 131>, <Individual 132>, <Individual 133>, <Individual 134>, <Individual 135>, <Individual 136>, <Individual 137>]
2016-09-02 09:15:53,677 : INFO : Performing mutation None on individual 37
2016-09-02 09:15:53,677 : INFO : Performing mutation None on individual 104
2016-09-02 09:15:53,678 : INFO : Performing mutation None on individual 129
2016-09-02 09:15:53,678 : INFO : Performing mutation None on individual 130
2016-09-02 09:15:53,678 : INFO : Performing mutation None on individual 136
2016-09-02 09:15:53,678 : INFO : Performing mutation <function move_atoms at 0x2aee28fa89d8> on individual 140
2016-09-02 09:15:53,679 : INFO : Performing mutation None on individual 141
2016-09-02 09:15:53,679 : INFO : Performing mutation None on individual 143
2016-09-02 09:15:53,680 : INFO : Performing mutation None on individual 144
2016-09-02 09:15:53,680 : INFO : Performing mutation <function rotate_cluster at 0x2aee28fa8ae8> on individual 147
2016-09-02 09:15:53,681 : INFO : Performing mutation None on individual 149
2016-09-02 09:15:53,682 : INFO : Performing mutation <function rotate_cluster at 0x2aee28fa8ae8> on individual 150
2016-09-02 09:15:53,695 : INFO : Found 18 individuals to relax on core 0: [<Individual 138>, <Individual 139>, <Individual 140>, <Individual 141>, <Individual 142>, <Individual 143>, <Individual 144>, <Individual 145>, <Individual 146>, <Individual 147>, <Individual 148>, <Individual 149>, <Individual 150>, <Individual 151>, <Individual 152>, <Individual 153>, <Individual 154>, <Individual 155>]
2016-09-02 09:15:55,750 : INFO : Performing mutation None on individual 39
2016-09-02 09:15:55,751 : INFO : Performing mutation None on individual 144
2016-09-02 09:15:55,751 : INFO : Performing mutation None on individual 164
2016-09-02 09:15:55,751 : INFO : Performing mutation None on individual 167
2016-09-02 09:15:55,751 : INFO : Performing mutation None on individual 169
2016-09-02 09:15:55,847 : INFO : Found 16 individuals to relax on core 0: [<Individual 156>, <Individual 157>, <Individual 158>, <Individual 159>, <Individual 160>, <Individual 161>, <Individual 162>, <Individual 163>, <Individual 164>, <Individual 165>, <Individual 166>, <Individual 167>, <Individual 168>, <Individual 169>, <Individual 170>, <Individual 171>]
