2016-09-02 09:15:34,339 : INFO : Current parameters:
2016-09-02 09:15:34,339 : INFO : {
    "convergence": {
        "max_generations": 10
    },
    "crossovers": {
        "rotate": {
            "kwargs": {},
            "probability": 0.7
        }
    },
    "fileio": {},
    "fingerprinters": {
        "options": []
    },
    "fitnesses": {
        "LAMMPS": {
            "kwargs": {
                "MPMD": 0,
                "MPMD_cores_per_structure": 0,
                "keep_files": false,
                "min_modify": "line quadratic",
                "min_style": "cg",
                "minimize": "1e-8 1e-8 5000 10000",
                "pair_style": "eam",
                "potential_file": "/home/maldonis/repos/StructOpt_modular/potentials/Au_u3.eam",
                "thermo_steps": 0,
                "use_mpi4py": true
            },
            "weight": 1.0
        }
    },
    "generators": {
        "sphere": {
            "kwargs": {
                "atomlist": [
                    [
                        "Au",
                        55
                    ]
                ],
                "cell": [
                    20,
                    20,
                    20
                ]
            },
            "number_of_individuals": 20
        }
    },
    "logging": {
        "generation": 0,
        "ncores": 16,
        "path": "/home/maldonis/repos/StructOpt_modular/examples/cluster/Au55-parallel/logs20160902091534",
        "rank": 0
    },
    "mutations": {
        "move_atoms": {
            "kwargs": {},
            "probability": 0.1
        },
        "rotate_all": {
            "kwargs": {},
            "probability": 0.0
        },
        "rotate_atoms": {
            "kwargs": {},
            "probability": 0.0
        },
        "rotate_cluster": {
            "kwargs": {},
            "probability": 0.1
        },
        "swap_positions": {
            "kwargs": {},
            "probability": 0.0
        },
        "swap_species": {
            "kwargs": {},
            "probability": 0.0
        }
    },
    "post_processing": {
        "XYZs": 0
    },
    "predators": {
        "best": {
            "kwargs": {},
            "probability": 1.0
        }
    },
    "pso_moves": null,
    "relaxations": {
        "LAMMPS": {
            "kwargs": {
                "MPMD": 0,
                "MPMD_cores_per_structure": 0,
                "keep_files": false,
                "min_modify": "line quadratic",
                "min_style": "cg",
                "minimize": "1e-8 1e-8 5000 10000",
                "pair_style": "eam",
                "potential_file": "/home/maldonis/repos/StructOpt_modular/potentials/Au_u3.eam",
                "thermo_steps": 0,
                "use_mpi4py": true
            },
            "order": 0
        }
    },
    "seed": 0,
    "selections": {
        "rank": {
            "kwargs": {
                "unique_pairs": false,
                "unique_parents": false
            },
            "probability": 1.0
        }
    },
    "structure_type": "cluster",
    "tools": {}
}
2016-09-02 09:15:37,124 : INFO : Total fitnesses for the population: [-3.41561055 -3.43049036 -3.40692364 -3.42433873 -3.41807255 -3.42435564
 -3.41692073 -3.42898055 -3.42546709 -3.40535545 -3.41985891 -3.43210327
 -3.40215055 -3.42650455 -3.42051745 -3.41517745 -3.42791745 -3.40643273
 -3.43420091 -3.41700418] (rank 0)
2016-09-02 09:15:39,290 : INFO : Total fitnesses for the population: [-3.41561055 -3.43049036 -3.40692364 -3.42433873 -3.425944   -3.42435564
 -3.41692073 -3.42898055 -3.42546709 -3.40535545 -3.41985891 -3.43210327
 -3.40215055 -3.42650455 -3.42051745 -3.41517745 -3.42791745 -3.40643273
 -3.43420091 -3.41700418 -3.42289273 -3.42918418 -3.44038055 -3.43424127
 -3.42127364 -3.428218   -3.43343782 -3.42548073 -3.43002036 -3.41574545
 -3.42354255 -3.42514691 -3.43144527 -3.42165636 -3.41109382 -3.41445564
 -3.42480636 -3.435976  ] (rank 0)
2016-09-02 09:15:42,054 : INFO : Total fitnesses for the population: [-3.43049036 -3.425944   -3.42435564 -3.42898055 -3.42546709 -3.43210327
 -3.42650455 -3.42791745 -3.43420091 -3.42918418 -3.44038055 -3.43424127
 -3.428218   -3.43343782 -3.42548073 -3.43002036 -3.42514691 -3.43144527
 -3.42480636 -3.435976   -3.43044655 -3.43782327 -3.422968   -3.42544491
 -3.434466   -3.43447418 -3.432862   -3.41829727 -3.43228109 -3.42491145
 -3.43448255 -3.42161636 -3.42652618 -3.432426   -3.42365036 -3.42715964] (rank 0)
2016-09-02 09:15:44,924 : INFO : Total fitnesses for the population: [-3.43049036 -3.41372927 -3.43210327 -3.43420091 -3.42918418 -3.44038055
 -3.43424127 -3.428218   -3.43343782 -3.43002036 -3.43144527 -3.435976
 -3.43044655 -3.43782327 -3.434466   -3.43447418 -3.432862   -3.43228109
 -3.43448255 -3.432426   -3.43690109 -3.42814836 -3.42787073 -3.42512545
 -3.43163564 -3.427434   -3.43150927 -3.43230182 -3.42528873 -3.42718255
 -3.42693618 -3.43141055 -3.43377291 -3.43096745 -3.43518891 -3.42804636] (rank 0)
2016-09-02 09:15:46,707 : INFO : Total fitnesses for the population: [-3.43210327 -3.43420091 -3.44038055 -3.43424127 -3.43343782 -3.43144527
 -3.435976   -3.43782327 -3.434466   -3.43447418 -3.432862   -3.43228109
 -3.43448255 -3.432426   -3.43690109 -3.43163564 -3.43150927 -3.43230182
 -3.43377291 -3.43518891 -3.43134818 -3.43420291 -3.42950491 -3.43161345
 -3.42958709 -3.42801145 -3.43234945 -3.41619436 -3.43404182 -3.42588291
 -3.43362855 -3.43608509 -3.43638055 -3.433864   -3.41910436 -3.43641218] (rank 0)
2016-09-02 09:15:48,914 : INFO : Total fitnesses for the population: [-3.43420091 -3.44038055 -3.43424127 -3.43343782 -3.435976   -3.43782327
 -3.434466   -3.43447418 -3.432862   -3.43448255 -3.43690109 -3.43377291
 -3.43518891 -3.43420291 -3.43404182 -3.43362855 -3.43608509 -3.43638055
 -3.433864   -3.43641218 -3.43422655 -3.43518891 -3.42028509 -3.43297273
 -3.43081655 -3.42204364 -3.42678055 -3.42842164 -3.42742673 -3.42474618
 -3.43457018 -3.44240509 -3.41554382 -3.42939964] (rank 0)
2016-09-02 09:15:50,238 : INFO : Total fitnesses for the population: [-3.43420091 -3.44038055 -3.43424127 -3.435976   -3.43782327 -3.434466
 -3.43447418 -3.43448255 -3.43690109 -3.43518891 -3.43420291 -3.43404182
 -3.43608509 -3.43638055 -3.433864   -3.43641218 -3.43422655 -3.43518891
 -3.43457018 -3.44240509 -3.42555073 -3.42801073 -3.43576655 -3.42624818
 -3.442418   -3.426078   -3.42857036 -3.43687636 -3.41899527 -3.42162309
 -3.43203145 -3.43125782] (rank 0)
2016-09-02 09:15:51,610 : INFO : Total fitnesses for the population: [-3.44038055 -3.43424127 -3.435976   -3.43782327 -3.434466   -3.43447418
 -3.43448255 -3.43690109 -3.43518891 -3.43420291 -3.43608509 -3.43638055
 -3.43641218 -3.43422655 -3.43518891 -3.43457018 -3.44240509 -3.43576655
 -3.442418   -3.43687636 -3.42780255 -3.42800891 -3.43628309 -3.43572109
 -3.43690109 -3.43052127 -3.42843364 -3.43957691 -3.43472145 -3.43032618
 -3.442776   -3.42798964] (rank 0)
2016-09-02 09:15:53,342 : INFO : Total fitnesses for the population: [-3.44038055 -3.435976   -3.43782327 -3.43690109 -3.43518891 -3.43608509
 -3.43638055 -3.43641218 -3.43518891 -3.43457018 -3.44240509 -3.43576655
 -3.442418   -3.43687636 -3.43628309 -3.43572109 -3.43690109 -3.43957691
 -3.43472145 -3.442776   -3.442418   -3.43305873 -3.43157455 -3.42536836
 -3.42530709 -3.43652127 -3.43633382 -3.433974   -3.43232345 -3.43287145
 -3.43755764 -3.433558   -3.43839673 -3.43098673] (rank 0)
2016-09-02 09:15:55,164 : INFO : Total fitnesses for the population: [-3.44038055 -3.435976   -3.43782327 -3.43690109 -3.43608509 -3.43638055
 -3.43641218 -3.44240509 -3.43576655 -3.442418   -3.43687636 -3.43628309
 -3.43690109 -3.43957691 -3.442776   -3.442418   -3.43652127 -3.43633382
 -3.43755764 -3.43839673 -3.42721964 -3.43187764 -3.43524909 -3.42949218
 -3.42921509 -3.43054836 -3.44240509 -3.442418   -3.43748691 -3.42695945
 -3.42142273 -3.43707418 -3.43650982 -3.43491018 -3.43163545 -3.43417291
 -3.43441964 -3.43164345] (rank 0)
2016-09-02 09:15:58,495 : INFO : Total fitnesses for the population: [-3.44038055 -3.43782327 -3.43690109 -3.43638055 -3.43641218 -3.44240509
 -3.442418   -3.43687636 -3.43690109 -3.43957691 -3.442776   -3.442418
 -3.43652127 -3.43755764 -3.43839673 -3.44240509 -3.442418   -3.43748691
 -3.43707418 -3.43650982 -3.442418   -3.44240509 -3.42577418 -3.42655836
 -3.43181273 -3.42095709 -3.43432945 -3.43659164 -3.442418   -3.44240509
 -3.43201055 -3.43134018 -3.42721164 -3.43876509 -3.43621473 -3.42512055] (rank 0)
