2017-01-20 03:57:13,122 : INFO : Found 20 individuals to relax on core 0: [<Individual 0>, <Individual 1>, <Individual 2>, <Individual 3>, <Individual 4>, <Individual 5>, <Individual 6>, <Individual 7>, <Individual 8>, <Individual 9>, <Individual 10>, <Individual 11>, <Individual 12>, <Individual 13>, <Individual 14>, <Individual 15>, <Individual 16>, <Individual 17>, <Individual 18>, <Individual 19>]
2017-01-20 03:57:13,993 : INFO : Performing mutation None on individual 10
2017-01-20 03:57:13,993 : INFO : Performing mutation None on individual 14
2017-01-20 03:57:13,993 : INFO : Performing mutation <function rotate_cluster at 0x2aaabd72ec80> on individual 28
2017-01-20 03:57:14,054 : INFO : Found 12 individuals to relax on core 0: [<Individual 20>, <Individual 21>, <Individual 22>, <Individual 23>, <Individual 24>, <Individual 25>, <Individual 26>, <Individual 27>, <Individual 28>, <Individual 29>, <Individual 30>, <Individual 31>]
2017-01-20 03:57:14,835 : INFO : Performing mutation None on individual 3
2017-01-20 03:57:14,836 : INFO : Performing mutation None on individual 20
2017-01-20 03:57:14,836 : INFO : Performing mutation None on individual 26
2017-01-20 03:57:14,836 : INFO : Performing mutation None on individual 29
2017-01-20 03:57:14,836 : INFO : Performing mutation None on individual 33
2017-01-20 03:57:14,837 : INFO : Performing mutation None on individual 34
2017-01-20 03:57:14,837 : INFO : Performing mutation None on individual 35
2017-01-20 03:57:14,876 : INFO : Found 16 individuals to relax on core 0: [<Individual 32>, <Individual 33>, <Individual 34>, <Individual 35>, <Individual 36>, <Individual 37>, <Individual 38>, <Individual 39>, <Individual 40>, <Individual 41>, <Individual 42>, <Individual 43>, <Individual 44>, <Individual 45>, <Individual 46>, <Individual 47>]
2017-01-20 03:57:15,706 : INFO : Performing mutation None on individual 7
2017-01-20 03:57:15,706 : INFO : Performing mutation None on individual 24
2017-01-20 03:57:15,707 : INFO : Performing mutation <function rotate_cluster at 0x2aaabd72ec80> on individual 45
2017-01-20 03:57:15,710 : INFO : Performing mutation None on individual 50
2017-01-20 03:57:15,710 : INFO : Performing mutation <function move_atoms at 0x2aaabd71f7b8> on individual 57
2017-01-20 03:57:15,712 : INFO : Performing mutation None on individual 58
2017-01-20 03:57:15,746 : INFO : Found 15 individuals to relax on core 0: [<Individual 45>, <Individual 48>, <Individual 49>, <Individual 50>, <Individual 51>, <Individual 52>, <Individual 53>, <Individual 54>, <Individual 55>, <Individual 56>, <Individual 57>, <Individual 58>, <Individual 59>, <Individual 60>, <Individual 61>]
2017-01-20 03:57:16,443 : INFO : Performing mutation None on individual 11
2017-01-20 03:57:16,443 : INFO : Performing mutation None on individual 43
2017-01-20 03:57:16,444 : INFO : Performing mutation None on individual 47
2017-01-20 03:57:16,444 : INFO : Performing mutation None on individual 50
2017-01-20 03:57:16,444 : INFO : Performing mutation None on individual 55
2017-01-20 03:57:16,444 : INFO : Performing mutation None on individual 63
2017-01-20 03:57:16,475 : INFO : Found 6 individuals to relax on core 0: [<Individual 62>, <Individual 63>, <Individual 64>, <Individual 65>, <Individual 66>, <Individual 67>]
2017-01-20 03:57:17,423 : INFO : Performing mutation None on individual 43
2017-01-20 03:57:17,423 : INFO : Performing mutation None on individual 47
2017-01-20 03:57:17,423 : INFO : Performing mutation None on individual 49
2017-01-20 03:57:17,424 : INFO : Performing mutation None on individual 50
2017-01-20 03:57:17,424 : INFO : Performing mutation None on individual 60
2017-01-20 03:57:17,424 : INFO : Performing mutation None on individual 67
2017-01-20 03:57:17,424 : INFO : Performing mutation None on individual 68
2017-01-20 03:57:17,424 : INFO : Performing mutation None on individual 72
2017-01-20 03:57:17,424 : INFO : Performing mutation None on individual 80
2017-01-20 03:57:17,425 : INFO : Performing mutation None on individual 85
2017-01-20 03:57:17,460 : INFO : Found 18 individuals to relax on core 0: [<Individual 68>, <Individual 69>, <Individual 70>, <Individual 71>, <Individual 72>, <Individual 73>, <Individual 74>, <Individual 75>, <Individual 76>, <Individual 77>, <Individual 78>, <Individual 79>, <Individual 80>, <Individual 81>, <Individual 82>, <Individual 83>, <Individual 84>, <Individual 85>]
2017-01-20 03:57:18,337 : INFO : Performing mutation None on individual 42
2017-01-20 03:57:18,337 : INFO : Performing mutation None on individual 50
2017-01-20 03:57:18,338 : INFO : Performing mutation None on individual 60
2017-01-20 03:57:18,338 : INFO : Performing mutation None on individual 64
2017-01-20 03:57:18,338 : INFO : Performing mutation None on individual 75
2017-01-20 03:57:18,338 : INFO : Performing mutation None on individual 78
2017-01-20 03:57:18,338 : INFO : Performing mutation None on individual 87
2017-01-20 03:57:18,338 : INFO : Performing mutation None on individual 92
2017-01-20 03:57:18,339 : INFO : Performing mutation None on individual 93
2017-01-20 03:57:18,339 : INFO : Performing mutation <function move_atoms at 0x2aaabd71f7b8> on individual 96
2017-01-20 03:57:18,375 : INFO : Found 14 individuals to relax on core 0: [<Individual 86>, <Individual 87>, <Individual 88>, <Individual 89>, <Individual 90>, <Individual 91>, <Individual 92>, <Individual 93>, <Individual 94>, <Individual 95>, <Individual 96>, <Individual 97>, <Individual 98>, <Individual 99>]
2017-01-20 03:57:19,320 : INFO : Performing mutation None on individual 18
2017-01-20 03:57:19,320 : INFO : Performing mutation None on individual 45
2017-01-20 03:57:19,321 : INFO : Performing mutation None on individual 57
2017-01-20 03:57:19,321 : INFO : Performing mutation None on individual 60
2017-01-20 03:57:19,321 : INFO : Performing mutation <function rotate_cluster at 0x2aaabd72ec80> on individual 66
2017-01-20 03:57:19,324 : INFO : Performing mutation None on individual 86
2017-01-20 03:57:19,325 : INFO : Performing mutation None on individual 99
2017-01-20 03:57:19,325 : INFO : Performing mutation None on individual 100
2017-01-20 03:57:19,325 : INFO : Performing mutation <function rotate_cluster at 0x2aaabd72ec80> on individual 102
2017-01-20 03:57:19,328 : INFO : Performing mutation <function rotate_cluster at 0x2aaabd72ec80> on individual 109
2017-01-20 03:57:19,331 : INFO : Performing mutation None on individual 110
2017-01-20 03:57:19,331 : INFO : Performing mutation None on individual 113
2017-01-20 03:57:19,367 : INFO : Found 15 individuals to relax on core 0: [<Individual 66>, <Individual 100>, <Individual 101>, <Individual 102>, <Individual 103>, <Individual 104>, <Individual 105>, <Individual 106>, <Individual 107>, <Individual 108>, <Individual 109>, <Individual 110>, <Individual 111>, <Individual 112>, <Individual 113>]
2017-01-20 03:57:20,349 : INFO : Performing mutation None on individual 30
2017-01-20 03:57:20,349 : INFO : Performing mutation None on individual 38
2017-01-20 03:57:20,350 : INFO : Performing mutation None on individual 99
2017-01-20 03:57:20,350 : INFO : Performing mutation <function rotate_cluster at 0x2aaabd72ec80> on individual 116
2017-01-20 03:57:20,353 : INFO : Performing mutation None on individual 117
2017-01-20 03:57:20,353 : INFO : Performing mutation None on individual 118
2017-01-20 03:57:20,353 : INFO : Performing mutation None on individual 119
2017-01-20 03:57:20,354 : INFO : Performing mutation None on individual 120
2017-01-20 03:57:20,354 : INFO : Performing mutation None on individual 123
2017-01-20 03:57:20,391 : INFO : Found 12 individuals to relax on core 0: [<Individual 114>, <Individual 115>, <Individual 116>, <Individual 117>, <Individual 118>, <Individual 119>, <Individual 120>, <Individual 121>, <Individual 122>, <Individual 123>, <Individual 124>, <Individual 125>]
2017-01-20 03:57:21,246 : INFO : Performing mutation None on individual 30
2017-01-20 03:57:21,246 : INFO : Performing mutation None on individual 115
2017-01-20 03:57:21,246 : INFO : Performing mutation None on individual 126
2017-01-20 03:57:21,247 : INFO : Performing mutation None on individual 128
2017-01-20 03:57:21,247 : INFO : Performing mutation <function rotate_cluster at 0x2aaabd72ec80> on individual 130
2017-01-20 03:57:21,250 : INFO : Performing mutation None on individual 136
2017-01-20 03:57:21,288 : INFO : Found 18 individuals to relax on core 0: [<Individual 126>, <Individual 127>, <Individual 128>, <Individual 129>, <Individual 130>, <Individual 131>, <Individual 132>, <Individual 133>, <Individual 134>, <Individual 135>, <Individual 136>, <Individual 137>, <Individual 138>, <Individual 139>, <Individual 140>, <Individual 141>, <Individual 142>, <Individual 143>]
2017-01-20 03:57:22,158 : INFO : Performing mutation None on individual 38
2017-01-20 03:57:22,159 : INFO : Performing mutation <function move_atoms at 0x2aaabd71f7b8> on individual 47
2017-01-20 03:57:22,161 : INFO : Performing mutation None on individual 88
2017-01-20 03:57:22,161 : INFO : Performing mutation <function move_atoms at 0x2aaabd71f7b8> on individual 92
2017-01-20 03:57:22,163 : INFO : Performing mutation None on individual 148
2017-01-20 03:57:22,164 : INFO : Performing mutation None on individual 152
2017-01-20 03:57:22,164 : INFO : Performing mutation None on individual 154
2017-01-20 03:57:22,198 : INFO : Found 14 individuals to relax on core 0: [<Individual 47>, <Individual 92>, <Individual 144>, <Individual 145>, <Individual 146>, <Individual 147>, <Individual 148>, <Individual 149>, <Individual 150>, <Individual 151>, <Individual 152>, <Individual 153>, <Individual 154>, <Individual 155>]
