2017-01-20 12:39:10,341 : INFO : Found 20 individuals to relax on core 0: [<Individual 0>, <Individual 1>, <Individual 2>, <Individual 3>, <Individual 4>, <Individual 5>, <Individual 6>, <Individual 7>, <Individual 8>, <Individual 9>, <Individual 10>, <Individual 11>, <Individual 12>, <Individual 13>, <Individual 14>, <Individual 15>, <Individual 16>, <Individual 17>, <Individual 18>, <Individual 19>]
2017-01-20 12:39:11,047 : INFO : Performing mutation None on individual 4
2017-01-20 12:39:11,047 : INFO : Performing mutation None on individual 7
2017-01-20 12:39:11,047 : INFO : Performing mutation None on individual 8
2017-01-20 12:39:11,047 : INFO : Performing mutation None on individual 14
2017-01-20 12:39:11,048 : INFO : Performing mutation None on individual 20
2017-01-20 12:39:11,048 : INFO : Performing mutation None on individual 23
2017-01-20 12:39:11,048 : INFO : Performing mutation None on individual 24
2017-01-20 12:39:11,048 : INFO : Performing mutation None on individual 26
2017-01-20 12:39:11,048 : INFO : Performing mutation <function move_atoms at 0x2aaabd7227b8> on individual 27
2017-01-20 12:39:11,050 : INFO : Performing mutation <function rotate_cluster at 0x2aaabd72fc80> on individual 29
2017-01-20 12:39:11,054 : INFO : Performing mutation None on individual 32
2017-01-20 12:39:11,082 : INFO : Found 14 individuals to relax on core 0: [<Individual 20>, <Individual 21>, <Individual 22>, <Individual 23>, <Individual 24>, <Individual 25>, <Individual 26>, <Individual 27>, <Individual 28>, <Individual 29>, <Individual 30>, <Individual 31>, <Individual 32>, <Individual 33>]
2017-01-20 12:39:11,858 : INFO : Performing mutation None on individual 5
2017-01-20 12:39:11,858 : INFO : Performing mutation None on individual 8
2017-01-20 12:39:11,858 : INFO : Performing mutation None on individual 10
2017-01-20 12:39:11,858 : INFO : Performing mutation None on individual 16
2017-01-20 12:39:11,859 : INFO : Performing mutation <function rotate_cluster at 0x2aaabd72fc80> on individual 31
2017-01-20 12:39:11,862 : INFO : Performing mutation None on individual 44
2017-01-20 12:39:11,862 : INFO : Performing mutation None on individual 46
2017-01-20 12:39:11,891 : INFO : Found 15 individuals to relax on core 0: [<Individual 31>, <Individual 34>, <Individual 35>, <Individual 36>, <Individual 37>, <Individual 38>, <Individual 39>, <Individual 40>, <Individual 41>, <Individual 42>, <Individual 43>, <Individual 44>, <Individual 45>, <Individual 46>, <Individual 47>]
2017-01-20 12:39:12,668 : INFO : Performing mutation None on individual 6
2017-01-20 12:39:12,669 : INFO : Performing mutation None on individual 8
2017-01-20 12:39:12,669 : INFO : Performing mutation None on individual 12
2017-01-20 12:39:12,669 : INFO : Performing mutation None on individual 13
2017-01-20 12:39:12,669 : INFO : Performing mutation None on individual 14
2017-01-20 12:39:12,669 : INFO : Performing mutation <function move_atoms at 0x2aaabd7227b8> on individual 18
2017-01-20 12:39:12,672 : INFO : Performing mutation <function move_atoms at 0x2aaabd7227b8> on individual 19
2017-01-20 12:39:12,674 : INFO : Performing mutation <function rotate_cluster at 0x2aaabd72fc80> on individual 34
2017-01-20 12:39:12,677 : INFO : Performing mutation None on individual 48
2017-01-20 12:39:12,677 : INFO : Performing mutation <function rotate_cluster at 0x2aaabd72fc80> on individual 58
2017-01-20 12:39:12,708 : INFO : Found 17 individuals to relax on core 0: [<Individual 18>, <Individual 19>, <Individual 34>, <Individual 48>, <Individual 49>, <Individual 50>, <Individual 51>, <Individual 52>, <Individual 53>, <Individual 54>, <Individual 55>, <Individual 56>, <Individual 57>, <Individual 58>, <Individual 59>, <Individual 60>, <Individual 61>]
2017-01-20 12:39:13,522 : INFO : Performing mutation None on individual 0
2017-01-20 12:39:13,522 : INFO : Performing mutation <function rotate_cluster at 0x2aaabd72fc80> on individual 2
2017-01-20 12:39:13,526 : INFO : Performing mutation None on individual 4
2017-01-20 12:39:13,526 : INFO : Performing mutation None on individual 7
2017-01-20 12:39:13,526 : INFO : Performing mutation None on individual 17
2017-01-20 12:39:13,526 : INFO : Performing mutation <function rotate_cluster at 0x2aaabd72fc80> on individual 62
2017-01-20 12:39:13,530 : INFO : Performing mutation None on individual 63
2017-01-20 12:39:13,530 : INFO : Performing mutation None on individual 74
2017-01-20 12:39:13,530 : INFO : Performing mutation <function move_atoms at 0x2aaabd7227b8> on individual 76
2017-01-20 12:39:13,569 : INFO : Found 17 individuals to relax on core 0: [<Individual 2>, <Individual 62>, <Individual 63>, <Individual 64>, <Individual 65>, <Individual 66>, <Individual 67>, <Individual 68>, <Individual 69>, <Individual 70>, <Individual 71>, <Individual 72>, <Individual 73>, <Individual 74>, <Individual 75>, <Individual 76>, <Individual 77>]
2017-01-20 12:39:14,505 : INFO : Performing mutation None on individual 3
2017-01-20 12:39:14,506 : INFO : Performing mutation None on individual 81
2017-01-20 12:39:14,506 : INFO : Performing mutation None on individual 85
2017-01-20 12:39:14,506 : INFO : Performing mutation None on individual 87
2017-01-20 12:39:14,536 : INFO : Found 12 individuals to relax on core 0: [<Individual 78>, <Individual 79>, <Individual 80>, <Individual 81>, <Individual 82>, <Individual 83>, <Individual 84>, <Individual 85>, <Individual 86>, <Individual 87>, <Individual 88>, <Individual 89>]
2017-01-20 12:39:15,236 : INFO : Performing mutation None on individual 2
2017-01-20 12:39:15,236 : INFO : Performing mutation None on individual 4
2017-01-20 12:39:15,236 : INFO : Performing mutation None on individual 6
2017-01-20 12:39:15,237 : INFO : Performing mutation <function move_atoms at 0x2aaabd7227b8> on individual 14
2017-01-20 12:39:15,239 : INFO : Performing mutation None on individual 19
2017-01-20 12:39:15,239 : INFO : Performing mutation None on individual 31
2017-01-20 12:39:15,239 : INFO : Performing mutation None on individual 79
2017-01-20 12:39:15,240 : INFO : Performing mutation None on individual 98
2017-01-20 12:39:15,270 : INFO : Found 11 individuals to relax on core 0: [<Individual 14>, <Individual 90>, <Individual 91>, <Individual 92>, <Individual 93>, <Individual 94>, <Individual 95>, <Individual 96>, <Individual 97>, <Individual 98>, <Individual 99>]
2017-01-20 12:39:16,060 : INFO : Performing mutation None on individual 16
2017-01-20 12:39:16,061 : INFO : Performing mutation None on individual 83
2017-01-20 12:39:16,061 : INFO : Performing mutation None on individual 101
2017-01-20 12:39:16,061 : INFO : Performing mutation None on individual 115
2017-01-20 12:39:16,094 : INFO : Found 16 individuals to relax on core 0: [<Individual 100>, <Individual 101>, <Individual 102>, <Individual 103>, <Individual 104>, <Individual 105>, <Individual 106>, <Individual 107>, <Individual 108>, <Individual 109>, <Individual 110>, <Individual 111>, <Individual 112>, <Individual 113>, <Individual 114>, <Individual 115>]
2017-01-20 12:39:17,088 : INFO : Performing mutation None on individual 9
2017-01-20 12:39:17,089 : INFO : Performing mutation <function rotate_cluster at 0x2aaabd72fc80> on individual 17
2017-01-20 12:39:17,092 : INFO : Performing mutation <function move_atoms at 0x2aaabd7227b8> on individual 19
2017-01-20 12:39:17,094 : INFO : Performing mutation None on individual 31
2017-01-20 12:39:17,094 : INFO : Performing mutation <function rotate_cluster at 0x2aaabd72fc80> on individual 66
2017-01-20 12:39:17,097 : INFO : Performing mutation None on individual 109
2017-01-20 12:39:17,098 : INFO : Performing mutation None on individual 116
2017-01-20 12:39:17,098 : INFO : Performing mutation None on individual 121
2017-01-20 12:39:17,129 : INFO : Found 15 individuals to relax on core 0: [<Individual 17>, <Individual 19>, <Individual 66>, <Individual 116>, <Individual 117>, <Individual 118>, <Individual 119>, <Individual 120>, <Individual 121>, <Individual 122>, <Individual 123>, <Individual 124>, <Individual 125>, <Individual 126>, <Individual 127>]
2017-01-20 12:39:17,988 : INFO : Performing mutation None on individual 4
2017-01-20 12:39:17,988 : INFO : Performing mutation None on individual 5
2017-01-20 12:39:17,988 : INFO : Performing mutation None on individual 133
2017-01-20 12:39:17,989 : INFO : Performing mutation <function move_atoms at 0x2aaabd7227b8> on individual 142
2017-01-20 12:39:18,025 : INFO : Found 16 individuals to relax on core 0: [<Individual 128>, <Individual 129>, <Individual 130>, <Individual 131>, <Individual 132>, <Individual 133>, <Individual 134>, <Individual 135>, <Individual 136>, <Individual 137>, <Individual 138>, <Individual 139>, <Individual 140>, <Individual 141>, <Individual 142>, <Individual 143>]
2017-01-20 12:39:18,836 : INFO : Performing mutation <function rotate_cluster at 0x2aaabd72fc80> on individual 5
2017-01-20 12:39:18,840 : INFO : Performing mutation <function rotate_cluster at 0x2aaabd72fc80> on individual 117
2017-01-20 12:39:18,843 : INFO : Performing mutation <function move_atoms at 0x2aaabd7227b8> on individual 138
2017-01-20 12:39:18,845 : INFO : Performing mutation None on individual 139
2017-01-20 12:39:18,845 : INFO : Performing mutation None on individual 151
2017-01-20 12:39:18,878 : INFO : Found 13 individuals to relax on core 0: [<Individual 5>, <Individual 117>, <Individual 138>, <Individual 144>, <Individual 145>, <Individual 146>, <Individual 147>, <Individual 148>, <Individual 149>, <Individual 150>, <Individual 151>, <Individual 152>, <Individual 153>]
