2017-01-20 12:39:10,745 : INFO : 
2017-01-20 12:39:10,745 : INFO : Generation 0 (cumulative) timing information
2017-01-20 12:39:10,746 : INFO : selection : 0.00 s (0.00 s)
2017-01-20 12:39:10,746 : INFO : crossover : 0.00 s (0.00 s)
2017-01-20 12:39:10,746 : INFO : mutation  : 0.00 s (0.00 s)
2017-01-20 12:39:10,746 : INFO : relax     : 0.32 s (0.32 s)
2017-01-20 12:39:10,746 : INFO : fitness   : 0.00 s (0.00 s)
2017-01-20 12:39:10,746 : INFO : predator  : 0.02 s (0.02 s)
2017-01-20 12:39:10,746 : INFO : step      : 0.34 s (0.34 s)
2017-01-20 12:39:11,586 : INFO : 
2017-01-20 12:39:11,586 : INFO : Generation 1 (cumulative) timing information
2017-01-20 12:39:11,586 : INFO : selection : 0.01 s (0.01 s)
2017-01-20 12:39:11,586 : INFO : crossover : 0.29 s (0.29 s)
2017-01-20 12:39:11,587 : INFO : mutation  : 0.04 s (0.04 s)
2017-01-20 12:39:11,587 : INFO : relax     : 0.42 s (0.73 s)
2017-01-20 12:39:11,587 : INFO : fitness   : 0.01 s (0.01 s)
2017-01-20 12:39:11,587 : INFO : predator  : 0.02 s (0.04 s)
2017-01-20 12:39:11,587 : INFO : step      : 0.78 s (1.12 s)
2017-01-20 12:39:12,396 : INFO : 
2017-01-20 12:39:12,396 : INFO : Generation 2 (cumulative) timing information
2017-01-20 12:39:12,396 : INFO : selection : 0.01 s (0.03 s)
2017-01-20 12:39:12,396 : INFO : crossover : 0.25 s (0.54 s)
2017-01-20 12:39:12,396 : INFO : mutation  : 0.03 s (0.07 s)
2017-01-20 12:39:12,396 : INFO : relax     : 0.40 s (1.13 s)
2017-01-20 12:39:12,397 : INFO : fitness   : 0.01 s (0.03 s)
2017-01-20 12:39:12,397 : INFO : predator  : 0.02 s (0.06 s)
2017-01-20 12:39:12,397 : INFO : step      : 0.74 s (1.86 s)
2017-01-20 12:39:13,209 : INFO : 
2017-01-20 12:39:13,209 : INFO : Generation 3 (cumulative) timing information
2017-01-20 12:39:13,209 : INFO : selection : 0.02 s (0.04 s)
2017-01-20 12:39:13,209 : INFO : crossover : 0.26 s (0.80 s)
2017-01-20 12:39:13,209 : INFO : mutation  : 0.04 s (0.11 s)
2017-01-20 12:39:13,209 : INFO : relax     : 0.40 s (1.53 s)
2017-01-20 12:39:13,209 : INFO : fitness   : 0.01 s (0.04 s)
2017-01-20 12:39:13,210 : INFO : predator  : 0.02 s (0.08 s)
2017-01-20 12:39:13,210 : INFO : step      : 0.74 s (2.61 s)
2017-01-20 12:39:14,270 : INFO : 
2017-01-20 12:39:14,270 : INFO : Generation 4 (cumulative) timing information
2017-01-20 12:39:14,270 : INFO : selection : 0.02 s (0.06 s)
2017-01-20 12:39:14,270 : INFO : crossover : 0.29 s (1.09 s)
2017-01-20 12:39:14,270 : INFO : mutation  : 0.05 s (0.16 s)
2017-01-20 12:39:14,270 : INFO : relax     : 0.60 s (2.13 s)
2017-01-20 12:39:14,270 : INFO : fitness   : 0.01 s (0.05 s)
2017-01-20 12:39:14,270 : INFO : predator  : 0.02 s (0.11 s)
2017-01-20 12:39:14,271 : INFO : step      : 0.99 s (3.60 s)
2017-01-20 12:39:15,030 : INFO : 
2017-01-20 12:39:15,030 : INFO : Generation 5 (cumulative) timing information
2017-01-20 12:39:15,030 : INFO : selection : 0.02 s (0.08 s)
2017-01-20 12:39:15,030 : INFO : crossover : 0.22 s (1.31 s)
2017-01-20 12:39:15,030 : INFO : mutation  : 0.03 s (0.19 s)
2017-01-20 12:39:15,030 : INFO : relax     : 0.38 s (2.51 s)
2017-01-20 12:39:15,030 : INFO : fitness   : 0.01 s (0.07 s)
2017-01-20 12:39:15,030 : INFO : predator  : 0.02 s (0.13 s)
2017-01-20 12:39:15,031 : INFO : step      : 0.69 s (4.28 s)
2017-01-20 12:39:15,752 : INFO : 
2017-01-20 12:39:15,752 : INFO : Generation 6 (cumulative) timing information
2017-01-20 12:39:15,752 : INFO : selection : 0.02 s (0.10 s)
2017-01-20 12:39:15,752 : INFO : crossover : 0.18 s (1.49 s)
2017-01-20 12:39:15,753 : INFO : mutation  : 0.03 s (0.22 s)
2017-01-20 12:39:15,753 : INFO : relax     : 0.38 s (2.89 s)
2017-01-20 12:39:15,753 : INFO : fitness   : 0.02 s (0.08 s)
2017-01-20 12:39:15,753 : INFO : predator  : 0.02 s (0.15 s)
2017-01-20 12:39:15,753 : INFO : step      : 0.66 s (4.94 s)
2017-01-20 12:39:16,854 : INFO : 
2017-01-20 12:39:16,854 : INFO : Generation 7 (cumulative) timing information
2017-01-20 12:39:16,854 : INFO : selection : 0.02 s (0.11 s)
2017-01-20 12:39:16,854 : INFO : crossover : 0.29 s (1.78 s)
2017-01-20 12:39:16,854 : INFO : mutation  : 0.03 s (0.26 s)
2017-01-20 12:39:16,854 : INFO : relax     : 0.64 s (3.53 s)
2017-01-20 12:39:16,854 : INFO : fitness   : 0.03 s (0.11 s)
2017-01-20 12:39:16,855 : INFO : predator  : 0.02 s (0.17 s)
2017-01-20 12:39:16,855 : INFO : step      : 1.03 s (5.97 s)
2017-01-20 12:39:17,668 : INFO : 
2017-01-20 12:39:17,668 : INFO : Generation 8 (cumulative) timing information
2017-01-20 12:39:17,668 : INFO : selection : 0.02 s (0.13 s)
2017-01-20 12:39:17,668 : INFO : crossover : 0.22 s (2.00 s)
2017-01-20 12:39:17,668 : INFO : mutation  : 0.04 s (0.30 s)
2017-01-20 12:39:17,668 : INFO : relax     : 0.43 s (3.97 s)
2017-01-20 12:39:17,668 : INFO : fitness   : 0.01 s (0.12 s)
2017-01-20 12:39:17,669 : INFO : predator  : 0.02 s (0.20 s)
2017-01-20 12:39:17,669 : INFO : step      : 0.74 s (6.72 s)
2017-01-20 12:39:18,625 : INFO : 
2017-01-20 12:39:18,626 : INFO : Generation 9 (cumulative) timing information
2017-01-20 12:39:18,626 : INFO : selection : 0.02 s (0.15 s)
2017-01-20 12:39:18,626 : INFO : crossover : 0.30 s (2.30 s)
2017-01-20 12:39:18,626 : INFO : mutation  : 0.04 s (0.34 s)
2017-01-20 12:39:18,626 : INFO : relax     : 0.49 s (4.46 s)
2017-01-20 12:39:18,626 : INFO : fitness   : 0.02 s (0.14 s)
2017-01-20 12:39:18,626 : INFO : predator  : 0.02 s (0.22 s)
2017-01-20 12:39:18,626 : INFO : step      : 0.89 s (7.60 s)
2017-01-20 12:39:19,632 : INFO : 
2017-01-20 12:39:19,632 : INFO : Generation 10 (cumulative) timing information
2017-01-20 12:39:19,632 : INFO : selection : 0.02 s (0.17 s)
2017-01-20 12:39:19,632 : INFO : crossover : 0.19 s (2.49 s)
2017-01-20 12:39:19,632 : INFO : mutation  : 0.04 s (0.38 s)
2017-01-20 12:39:19,632 : INFO : relax     : 0.62 s (5.08 s)
2017-01-20 12:39:19,632 : INFO : fitness   : 0.03 s (0.17 s)
2017-01-20 12:39:19,632 : INFO : predator  : 0.03 s (0.25 s)
2017-01-20 12:39:19,633 : INFO : step      : 0.93 s (8.53 s)
